<?xml version="1.0" encoding="utf-8"?>
<!DOCTYPE coverage SYSTEM "http://cobertura.sourceforge.net/xml/coverage-04.dtd">
<coverage line-rate="0.874074074074074" branch-rate="0.4375" lines-covered="472" lines-valid="540" branches-covered="28" branches-valid="64" complexity="108" version="0" timestamp="1670660594">
  <sources />
  <packages>
    <package name="AnimalLibrary" line-rate="0.800904977375566" branch-rate="0.375" complexity="48">
      <classes>
        <class name="AnimalLibrary.Animal" filename="C:\Users\Daydi Li\source\repos\lab.10\AnimalLibrary\Animal.cs" line-rate="0.851063829787234" branch-rate="0.5" complexity="7">
          <methods>
            <method name="Name" signature="()" line-rate="1" branch-rate="1" complexity="NaN">
              <lines>
                <line number="16" hits="117" branch="false" />
              </lines>
            </method>
            <method name="Name" signature="(System.String)" line-rate="1" branch-rate="1" complexity="NaN">
              <lines>
                <line number="17" hits="132" branch="false" />
              </lines>
            </method>
            <method name="Weight" signature="()" line-rate="1" branch-rate="1" complexity="NaN">
              <lines>
                <line number="21" hits="96" branch="false" />
              </lines>
            </method>
            <method name="Weight" signature="(System.Double)" line-rate="0.8" branch-rate="0.5" complexity="NaN">
              <lines>
                <line number="23" hits="44" branch="false" />
                <line number="24" hits="44" branch="true" condition-coverage="50% (1/2)" />
                <line number="25" hits="0" branch="false" />
                <line number="27" hits="44" branch="false" />
                <line number="28" hits="44" branch="false" />
              </lines>
            </method>
            <method name=".ctor" signature="()" line-rate="1" branch-rate="1" complexity="1">
              <lines>
                <line number="30" hits="16" branch="false" />
                <line number="31" hits="16" branch="false" />
                <line number="32" hits="16" branch="false" />
                <line number="33" hits="16" branch="false" />
                <line number="34" hits="16" branch="false" />
              </lines>
            </method>
            <method name=".ctor" signature="(System.String)" line-rate="1" branch-rate="1" complexity="NaN">
              <lines>
                <line number="35" hits="4" branch="false" />
                <line number="36" hits="4" branch="false" />
                <line number="37" hits="4" branch="false" />
                <line number="38" hits="4" branch="false" />
                <line number="39" hits="4" branch="false" />
              </lines>
            </method>
            <method name=".ctor" signature="(System.String,System.Double)" line-rate="1" branch-rate="1" complexity="NaN">
              <lines>
                <line number="40" hits="20" branch="false" />
                <line number="41" hits="20" branch="false" />
                <line number="42" hits="20" branch="false" />
                <line number="43" hits="20" branch="false" />
                <line number="44" hits="20" branch="false" />
              </lines>
            </method>
            <method name="Print" signature="()" line-rate="0" branch-rate="1" complexity="1">
              <lines>
                <line number="46" hits="0" branch="false" />
                <line number="47" hits="0" branch="false" />
                <line number="48" hits="0" branch="false" />
              </lines>
            </method>
            <method name="WrongPrint" signature="()" line-rate="0" branch-rate="1" complexity="1">
              <lines>
                <line number="50" hits="0" branch="false" />
                <line number="51" hits="0" branch="false" />
                <line number="52" hits="0" branch="false" />
              </lines>
            </method>
            <method name="CompareTo" signature="(AnimalLibrary.Animal)" line-rate="1" branch-rate="0.5" complexity="NaN">
              <lines>
                <line number="54" hits="4" branch="false" />
                <line number="55" hits="4" branch="true" condition-coverage="50% (1/2)" />
                <line number="56" hits="4" branch="false" />
                <line number="57" hits="4" branch="false" />
              </lines>
            </method>
            <method name="ShallowCopy" signature="()" line-rate="1" branch-rate="1" complexity="1">
              <lines>
                <line number="59" hits="1" branch="false" />
                <line number="60" hits="1" branch="false" />
                <line number="61" hits="1" branch="false" />
              </lines>
            </method>
            <method name="Clone" signature="()" line-rate="1" branch-rate="1" complexity="1">
              <lines>
                <line number="63" hits="1" branch="false" />
                <line number="64" hits="1" branch="false" />
                <line number="65" hits="1" branch="false" />
              </lines>
            </method>
            <method name="RandomInit" signature="()" line-rate="1" branch-rate="1" complexity="1">
              <lines>
                <line number="67" hits="1" branch="false" />
                <line number="68" hits="1" branch="false" />
                <line number="69" hits="1" branch="false" />
                <line number="70" hits="1" branch="false" />
                <line number="71" hits="1" branch="false" />
                <line number="72" hits="1" branch="false" />
                <line number="73" hits="1" branch="false" />
              </lines>
            </method>
            <method name=".cctor" signature="()" line-rate="1" branch-rate="1" complexity="1">
              <lines>
                <line number="11" hits="1" branch="false" />
              </lines>
            </method>
          </methods>
          <lines>
            <line number="11" hits="1" branch="false" />
            <line number="16" hits="117" branch="false" />
            <line number="17" hits="132" branch="false" />
            <line number="21" hits="96" branch="false" />
            <line number="23" hits="44" branch="false" />
            <line number="24" hits="44" branch="true" condition-coverage="50% (1/2)" />
            <line number="25" hits="0" branch="false" />
            <line number="27" hits="44" branch="false" />
            <line number="28" hits="44" branch="false" />
            <line number="30" hits="16" branch="false" />
            <line number="31" hits="16" branch="false" />
            <line number="32" hits="16" branch="false" />
            <line number="33" hits="16" branch="false" />
            <line number="34" hits="16" branch="false" />
            <line number="35" hits="4" branch="false" />
            <line number="36" hits="4" branch="false" />
            <line number="37" hits="4" branch="false" />
            <line number="38" hits="4" branch="false" />
            <line number="39" hits="4" branch="false" />
            <line number="40" hits="20" branch="false" />
            <line number="41" hits="20" branch="false" />
            <line number="42" hits="20" branch="false" />
            <line number="43" hits="20" branch="false" />
            <line number="44" hits="20" branch="false" />
            <line number="46" hits="0" branch="false" />
            <line number="47" hits="0" branch="false" />
            <line number="48" hits="0" branch="false" />
            <line number="50" hits="0" branch="false" />
            <line number="51" hits="0" branch="false" />
            <line number="52" hits="0" branch="false" />
            <line number="54" hits="4" branch="false" />
            <line number="55" hits="4" branch="true" condition-coverage="50% (1/2)" />
            <line number="56" hits="4" branch="false" />
            <line number="57" hits="4" branch="false" />
            <line number="59" hits="1" branch="false" />
            <line number="60" hits="1" branch="false" />
            <line number="61" hits="1" branch="false" />
            <line number="63" hits="1" branch="false" />
            <line number="64" hits="1" branch="false" />
            <line number="65" hits="1" branch="false" />
            <line number="67" hits="1" branch="false" />
            <line number="68" hits="1" branch="false" />
            <line number="69" hits="1" branch="false" />
            <line number="70" hits="1" branch="false" />
            <line number="71" hits="1" branch="false" />
            <line number="72" hits="1" branch="false" />
            <line number="73" hits="1" branch="false" />
          </lines>
        </class>
        <class name="AnimalLibrary.AnimalComparer" filename="C:\Users\Daydi Li\source\repos\lab.10\AnimalLibrary\AnimalComparer.cs" line-rate="0" branch-rate="0" complexity="NaN">
          <methods>
            <method name="Compare" signature="(AnimalLibrary.Animal,AnimalLibrary.Animal)" line-rate="0" branch-rate="0" complexity="NaN">
              <lines>
                <line number="12" hits="0" branch="false" />
                <line number="13" hits="0" branch="true" condition-coverage="0% (0/4)" />
                <line number="14" hits="0" branch="false" />
                <line number="15" hits="0" branch="false" />
                <line number="16" hits="0" branch="false" />
              </lines>
            </method>
          </methods>
          <lines>
            <line number="12" hits="0" branch="false" />
            <line number="13" hits="0" branch="true" condition-coverage="0% (0/4)" />
            <line number="14" hits="0" branch="false" />
            <line number="15" hits="0" branch="false" />
            <line number="16" hits="0" branch="false" />
          </lines>
        </class>
        <class name="AnimalLibrary.Artiodactyl" filename="C:\Users\Daydi Li\source\repos\lab.10\AnimalLibrary\Artiodactyl.cs" line-rate="0.857142857142857" branch-rate="0.5" complexity="6">
          <methods>
            <method name="HoofSize" signature="()" line-rate="1" branch-rate="1" complexity="NaN">
              <lines>
                <line number="14" hits="9" branch="false" />
              </lines>
            </method>
            <method name="HoofSize" signature="(System.Double)" line-rate="0.8" branch-rate="0.5" complexity="NaN">
              <lines>
                <line number="16" hits="12" branch="false" />
                <line number="17" hits="12" branch="true" condition-coverage="50% (1/2)" />
                <line number="18" hits="0" branch="false" />
                <line number="20" hits="12" branch="false" />
                <line number="21" hits="12" branch="false" />
              </lines>
            </method>
            <method name=".ctor" signature="()" line-rate="1" branch-rate="1" complexity="1">
              <lines>
                <line number="23" hits="4" branch="false" />
                <line number="24" hits="4" branch="false" />
                <line number="25" hits="4" branch="false" />
                <line number="26" hits="4" branch="false" />
              </lines>
            </method>
            <method name=".ctor" signature="(System.String)" line-rate="1" branch-rate="1" complexity="NaN">
              <lines>
                <line number="27" hits="1" branch="false" />
                <line number="28" hits="1" branch="false" />
                <line number="29" hits="1" branch="false" />
                <line number="30" hits="1" branch="false" />
              </lines>
            </method>
            <method name=".ctor" signature="(System.String,System.Double)" line-rate="1" branch-rate="1" complexity="NaN">
              <lines>
                <line number="31" hits="3" branch="false" />
                <line number="32" hits="3" branch="false" />
                <line number="33" hits="3" branch="false" />
                <line number="34" hits="3" branch="false" />
              </lines>
            </method>
            <method name=".ctor" signature="(System.String,System.Double,System.Double)" line-rate="1" branch-rate="1" complexity="NaN">
              <lines>
                <line number="36" hits="1" branch="false" />
                <line number="37" hits="1" branch="false" />
                <line number="38" hits="1" branch="false" />
                <line number="39" hits="1" branch="false" />
              </lines>
            </method>
            <method name=".ctor" signature="(System.String,System.Double,System.Double,System.Double)" line-rate="1" branch-rate="1" complexity="NaN">
              <lines>
                <line number="41" hits="2" branch="false" />
                <line number="42" hits="2" branch="false" />
                <line number="43" hits="2" branch="false" />
                <line number="44" hits="2" branch="false" />
              </lines>
            </method>
            <method name="ShallowCopy" signature="()" line-rate="1" branch-rate="1" complexity="1">
              <lines>
                <line number="46" hits="1" branch="false" />
                <line number="47" hits="1" branch="false" />
                <line number="48" hits="1" branch="false" />
              </lines>
            </method>
            <method name="Clone" signature="()" line-rate="1" branch-rate="1" complexity="1">
              <lines>
                <line number="50" hits="1" branch="false" />
                <line number="51" hits="1" branch="false" />
                <line number="52" hits="1" branch="false" />
              </lines>
            </method>
            <method name="Print" signature="()" line-rate="0" branch-rate="1" complexity="1">
              <lines>
                <line number="54" hits="0" branch="false" />
                <line number="55" hits="0" branch="false" />
                <line number="56" hits="0" branch="false" />
              </lines>
            </method>
            <method name="WrongPrint" signature="()" line-rate="0" branch-rate="1" complexity="1">
              <lines>
                <line number="58" hits="0" branch="false" />
                <line number="59" hits="0" branch="false" />
                <line number="60" hits="0" branch="false" />
              </lines>
            </method>
            <method name="RandomInit" signature="()" line-rate="1" branch-rate="1" complexity="1">
              <lines>
                <line number="62" hits="1" branch="false" />
                <line number="63" hits="1" branch="false" />
                <line number="64" hits="1" branch="false" />
                <line number="65" hits="1" branch="false" />
                <line number="66" hits="1" branch="false" />
                <line number="67" hits="1" branch="false" />
                <line number="68" hits="1" branch="false" />
                <line number="69" hits="1" branch="false" />
                <line number="70" hits="1" branch="false" />
                <line number="71" hits="1" branch="false" />
                <line number="72" hits="1" branch="false" />
              </lines>
            </method>
          </methods>
          <lines>
            <line number="14" hits="9" branch="false" />
            <line number="16" hits="12" branch="false" />
            <line number="17" hits="12" branch="true" condition-coverage="50% (1/2)" />
            <line number="18" hits="0" branch="false" />
            <line number="20" hits="12" branch="false" />
            <line number="21" hits="12" branch="false" />
            <line number="23" hits="4" branch="false" />
            <line number="24" hits="4" branch="false" />
            <line number="25" hits="4" branch="false" />
            <line number="26" hits="4" branch="false" />
            <line number="27" hits="1" branch="false" />
            <line number="28" hits="1" branch="false" />
            <line number="29" hits="1" branch="false" />
            <line number="30" hits="1" branch="false" />
            <line number="31" hits="3" branch="false" />
            <line number="32" hits="3" branch="false" />
            <line number="33" hits="3" branch="false" />
            <line number="34" hits="3" branch="false" />
            <line number="36" hits="1" branch="false" />
            <line number="37" hits="1" branch="false" />
            <line number="38" hits="1" branch="false" />
            <line number="39" hits="1" branch="false" />
            <line number="41" hits="2" branch="false" />
            <line number="42" hits="2" branch="false" />
            <line number="43" hits="2" branch="false" />
            <line number="44" hits="2" branch="false" />
            <line number="46" hits="1" branch="false" />
            <line number="47" hits="1" branch="false" />
            <line number="48" hits="1" branch="false" />
            <line number="50" hits="1" branch="false" />
            <line number="51" hits="1" branch="false" />
            <line number="52" hits="1" branch="false" />
            <line number="54" hits="0" branch="false" />
            <line number="55" hits="0" branch="false" />
            <line number="56" hits="0" branch="false" />
            <line number="58" hits="0" branch="false" />
            <line number="59" hits="0" branch="false" />
            <line number="60" hits="0" branch="false" />
            <line number="62" hits="1" branch="false" />
            <line number="63" hits="1" branch="false" />
            <line number="64" hits="1" branch="false" />
            <line number="65" hits="1" branch="false" />
            <line number="66" hits="1" branch="false" />
            <line number="67" hits="1" branch="false" />
            <line number="68" hits="1" branch="false" />
            <line number="69" hits="1" branch="false" />
            <line number="70" hits="1" branch="false" />
            <line number="71" hits="1" branch="false" />
            <line number="72" hits="1" branch="false" />
          </lines>
        </class>
        <class name="AnimalLibrary.Bird" filename="C:\Users\Daydi Li\source\repos\lab.10\AnimalLibrary\Bird.cs" line-rate="0.837209302325581" branch-rate="0.5" complexity="6">
          <methods>
            <method name="WingSize" signature="()" line-rate="1" branch-rate="1" complexity="NaN">
              <lines>
                <line number="13" hits="9" branch="false" />
              </lines>
            </method>
            <method name="WingSize" signature="(System.Double)" line-rate="0.8" branch-rate="0.5" complexity="NaN">
              <lines>
                <line number="15" hits="11" branch="false" />
                <line number="16" hits="11" branch="true" condition-coverage="50% (1/2)" />
                <line number="17" hits="0" branch="false" />
                <line number="19" hits="11" branch="false" />
                <line number="20" hits="11" branch="false" />
              </lines>
            </method>
            <method name=".ctor" signature="()" line-rate="1" branch-rate="1" complexity="1">
              <lines>
                <line number="22" hits="4" branch="false" />
                <line number="23" hits="4" branch="false" />
                <line number="24" hits="4" branch="false" />
                <line number="25" hits="4" branch="false" />
              </lines>
            </method>
            <method name=".ctor" signature="(System.String)" line-rate="1" branch-rate="1" complexity="NaN">
              <lines>
                <line number="26" hits="1" branch="false" />
                <line number="27" hits="1" branch="false" />
                <line number="28" hits="1" branch="false" />
                <line number="29" hits="1" branch="false" />
              </lines>
            </method>
            <method name=".ctor" signature="(System.String,System.Double)" line-rate="1" branch-rate="1" complexity="NaN">
              <lines>
                <line number="30" hits="3" branch="false" />
                <line number="31" hits="3" branch="false" />
                <line number="32" hits="3" branch="false" />
                <line number="33" hits="3" branch="false" />
              </lines>
            </method>
            <method name=".ctor" signature="(System.String,System.Double,System.Double)" line-rate="1" branch-rate="1" complexity="NaN">
              <lines>
                <line number="35" hits="2" branch="false" />
                <line number="36" hits="2" branch="false" />
                <line number="37" hits="2" branch="false" />
                <line number="38" hits="2" branch="false" />
              </lines>
            </method>
            <method name="Print" signature="()" line-rate="0" branch-rate="1" complexity="1">
              <lines>
                <line number="40" hits="0" branch="false" />
                <line number="41" hits="0" branch="false" />
                <line number="42" hits="0" branch="false" />
              </lines>
            </method>
            <method name="WrongPrint" signature="()" line-rate="0" branch-rate="1" complexity="1">
              <lines>
                <line number="44" hits="0" branch="false" />
                <line number="45" hits="0" branch="false" />
                <line number="46" hits="0" branch="false" />
              </lines>
            </method>
            <method name="ShallowCopy" signature="()" line-rate="1" branch-rate="1" complexity="1">
              <lines>
                <line number="48" hits="1" branch="false" />
                <line number="49" hits="1" branch="false" />
                <line number="50" hits="1" branch="false" />
              </lines>
            </method>
            <method name="Clone" signature="()" line-rate="1" branch-rate="1" complexity="1">
              <lines>
                <line number="52" hits="1" branch="false" />
                <line number="53" hits="1" branch="false" />
                <line number="54" hits="1" branch="false" />
              </lines>
            </method>
            <method name="RandomInit" signature="()" line-rate="1" branch-rate="1" complexity="1">
              <lines>
                <line number="56" hits="1" branch="false" />
                <line number="57" hits="1" branch="false" />
                <line number="58" hits="1" branch="false" />
                <line number="59" hits="1" branch="false" />
                <line number="60" hits="1" branch="false" />
                <line number="61" hits="1" branch="false" />
                <line number="62" hits="1" branch="false" />
                <line number="63" hits="1" branch="false" />
                <line number="64" hits="1" branch="false" />
              </lines>
            </method>
          </methods>
          <lines>
            <line number="13" hits="9" branch="false" />
            <line number="15" hits="11" branch="false" />
            <line number="16" hits="11" branch="true" condition-coverage="50% (1/2)" />
            <line number="17" hits="0" branch="false" />
            <line number="19" hits="11" branch="false" />
            <line number="20" hits="11" branch="false" />
            <line number="22" hits="4" branch="false" />
            <line number="23" hits="4" branch="false" />
            <line number="24" hits="4" branch="false" />
            <line number="25" hits="4" branch="false" />
            <line number="26" hits="1" branch="false" />
            <line number="27" hits="1" branch="false" />
            <line number="28" hits="1" branch="false" />
            <line number="29" hits="1" branch="false" />
            <line number="30" hits="3" branch="false" />
            <line number="31" hits="3" branch="false" />
            <line number="32" hits="3" branch="false" />
            <line number="33" hits="3" branch="false" />
            <line number="35" hits="2" branch="false" />
            <line number="36" hits="2" branch="false" />
            <line number="37" hits="2" branch="false" />
            <line number="38" hits="2" branch="false" />
            <line number="40" hits="0" branch="false" />
            <line number="41" hits="0" branch="false" />
            <line number="42" hits="0" branch="false" />
            <line number="44" hits="0" branch="false" />
            <line number="45" hits="0" branch="false" />
            <line number="46" hits="0" branch="false" />
            <line number="48" hits="1" branch="false" />
            <line number="49" hits="1" branch="false" />
            <line number="50" hits="1" branch="false" />
            <line number="52" hits="1" branch="false" />
            <line number="53" hits="1" branch="false" />
            <line number="54" hits="1" branch="false" />
            <line number="56" hits="1" branch="false" />
            <line number="57" hits="1" branch="false" />
            <line number="58" hits="1" branch="false" />
            <line number="59" hits="1" branch="false" />
            <line number="60" hits="1" branch="false" />
            <line number="61" hits="1" branch="false" />
            <line number="62" hits="1" branch="false" />
            <line number="63" hits="1" branch="false" />
            <line number="64" hits="1" branch="false" />
          </lines>
        </class>
        <class name="AnimalLibrary.Mammal" filename="C:\Users\Daydi Li\source\repos\lab.10\AnimalLibrary\Mammal.cs" line-rate="0.837209302325581" branch-rate="0.5" complexity="6">
          <methods>
            <method name="HairLength" signature="()" line-rate="1" branch-rate="1" complexity="NaN">
              <lines>
                <line number="14" hits="21" branch="false" />
              </lines>
            </method>
            <method name="HairLength" signature="(System.Double)" line-rate="0.8" branch-rate="0.5" complexity="NaN">
              <lines>
                <line number="16" hits="23" branch="false" />
                <line number="17" hits="23" branch="true" condition-coverage="50% (1/2)" />
                <line number="18" hits="0" branch="false" />
                <line number="20" hits="23" branch="false" />
                <line number="21" hits="23" branch="false" />
              </lines>
            </method>
            <method name=".ctor" signature="()" line-rate="1" branch-rate="1" complexity="1">
              <lines>
                <line number="24" hits="8" branch="false" />
                <line number="25" hits="8" branch="false" />
                <line number="26" hits="8" branch="false" />
                <line number="27" hits="8" branch="false" />
              </lines>
            </method>
            <method name=".ctor" signature="(System.String)" line-rate="1" branch-rate="1" complexity="NaN">
              <lines>
                <line number="28" hits="2" branch="false" />
                <line number="29" hits="2" branch="false" />
                <line number="30" hits="2" branch="false" />
                <line number="31" hits="2" branch="false" />
              </lines>
            </method>
            <method name=".ctor" signature="(System.String,System.Double)" line-rate="1" branch-rate="1" complexity="NaN">
              <lines>
                <line number="32" hits="6" branch="false" />
                <line number="33" hits="6" branch="false" />
                <line number="34" hits="6" branch="false" />
                <line number="35" hits="6" branch="false" />
              </lines>
            </method>
            <method name=".ctor" signature="(System.String,System.Double,System.Double)" line-rate="1" branch-rate="1" complexity="NaN">
              <lines>
                <line number="37" hits="5" branch="false" />
                <line number="38" hits="5" branch="false" />
                <line number="39" hits="5" branch="false" />
                <line number="40" hits="5" branch="false" />
              </lines>
            </method>
            <method name="Print" signature="()" line-rate="0" branch-rate="1" complexity="1">
              <lines>
                <line number="42" hits="0" branch="false" />
                <line number="43" hits="0" branch="false" />
                <line number="44" hits="0" branch="false" />
              </lines>
            </method>
            <method name="WrongPrint" signature="()" line-rate="0" branch-rate="1" complexity="1">
              <lines>
                <line number="46" hits="0" branch="false" />
                <line number="47" hits="0" branch="false" />
                <line number="48" hits="0" branch="false" />
              </lines>
            </method>
            <method name="ShallowCopy" signature="()" line-rate="1" branch-rate="1" complexity="1">
              <lines>
                <line number="50" hits="1" branch="false" />
                <line number="51" hits="1" branch="false" />
                <line number="52" hits="1" branch="false" />
              </lines>
            </method>
            <method name="Clone" signature="()" line-rate="1" branch-rate="1" complexity="1">
              <lines>
                <line number="54" hits="1" branch="false" />
                <line number="55" hits="1" branch="false" />
                <line number="56" hits="1" branch="false" />
              </lines>
            </method>
            <method name="RandomInit" signature="()" line-rate="1" branch-rate="1" complexity="1">
              <lines>
                <line number="58" hits="1" branch="false" />
                <line number="59" hits="1" branch="false" />
                <line number="60" hits="1" branch="false" />
                <line number="61" hits="1" branch="false" />
                <line number="62" hits="1" branch="false" />
                <line number="63" hits="1" branch="false" />
                <line number="64" hits="1" branch="false" />
                <line number="65" hits="1" branch="false" />
                <line number="66" hits="1" branch="false" />
              </lines>
            </method>
          </methods>
          <lines>
            <line number="14" hits="21" branch="false" />
            <line number="16" hits="23" branch="false" />
            <line number="17" hits="23" branch="true" condition-coverage="50% (1/2)" />
            <line number="18" hits="0" branch="false" />
            <line number="20" hits="23" branch="false" />
            <line number="21" hits="23" branch="false" />
            <line number="24" hits="8" branch="false" />
            <line number="25" hits="8" branch="false" />
            <line number="26" hits="8" branch="false" />
            <line number="27" hits="8" branch="false" />
            <line number="28" hits="2" branch="false" />
            <line number="29" hits="2" branch="false" />
            <line number="30" hits="2" branch="false" />
            <line number="31" hits="2" branch="false" />
            <line number="32" hits="6" branch="false" />
            <line number="33" hits="6" branch="false" />
            <line number="34" hits="6" branch="false" />
            <line number="35" hits="6" branch="false" />
            <line number="37" hits="5" branch="false" />
            <line number="38" hits="5" branch="false" />
            <line number="39" hits="5" branch="false" />
            <line number="40" hits="5" branch="false" />
            <line number="42" hits="0" branch="false" />
            <line number="43" hits="0" branch="false" />
            <line number="44" hits="0" branch="false" />
            <line number="46" hits="0" branch="false" />
            <line number="47" hits="0" branch="false" />
            <line number="48" hits="0" branch="false" />
            <line number="50" hits="1" branch="false" />
            <line number="51" hits="1" branch="false" />
            <line number="52" hits="1" branch="false" />
            <line number="54" hits="1" branch="false" />
            <line number="55" hits="1" branch="false" />
            <line number="56" hits="1" branch="false" />
            <line number="58" hits="1" branch="false" />
            <line number="59" hits="1" branch="false" />
            <line number="60" hits="1" branch="false" />
            <line number="61" hits="1" branch="false" />
            <line number="62" hits="1" branch="false" />
            <line number="63" hits="1" branch="false" />
            <line number="64" hits="1" branch="false" />
            <line number="65" hits="1" branch="false" />
            <line number="66" hits="1" branch="false" />
          </lines>
        </class>
        <class name="AnimalLibrary.Person" filename="C:\Users\Daydi Li\source\repos\lab.10\AnimalLibrary\Person.cs" line-rate="0.676470588235294" branch-rate="0.5" complexity="4">
          <methods>
            <method name="Name" signature="()" line-rate="1" branch-rate="1" complexity="NaN">
              <lines>
                <line number="16" hits="9" branch="false" />
              </lines>
            </method>
            <method name="Name" signature="(System.String)" line-rate="1" branch-rate="1" complexity="NaN">
              <lines>
                <line number="17" hits="9" branch="false" />
              </lines>
            </method>
            <method name="Age" signature="()" line-rate="1" branch-rate="1" complexity="NaN">
              <lines>
                <line number="21" hits="9" branch="false" />
              </lines>
            </method>
            <method name="Age" signature="(System.Int32)" line-rate="0.8" branch-rate="0.5" complexity="NaN">
              <lines>
                <line number="23" hits="3" branch="false" />
                <line number="24" hits="3" branch="true" condition-coverage="50% (1/2)" />
                <line number="25" hits="0" branch="false" />
                <line number="27" hits="3" branch="false" />
                <line number="28" hits="3" branch="false" />
              </lines>
            </method>
            <method name=".ctor" signature="()" line-rate="1" branch-rate="1" complexity="1">
              <lines>
                <line number="30" hits="1" branch="false" />
                <line number="31" hits="1" branch="false" />
                <line number="32" hits="1" branch="false" />
                <line number="33" hits="1" branch="false" />
                <line number="34" hits="1" branch="false" />
              </lines>
            </method>
            <method name=".ctor" signature="(System.String)" line-rate="1" branch-rate="1" complexity="NaN">
              <lines>
                <line number="35" hits="1" branch="false" />
                <line number="36" hits="1" branch="false" />
                <line number="37" hits="1" branch="false" />
                <line number="38" hits="1" branch="false" />
                <line number="39" hits="1" branch="false" />
              </lines>
            </method>
            <method name=".ctor" signature="(System.String,System.Int32)" line-rate="1" branch-rate="1" complexity="NaN">
              <lines>
                <line number="40" hits="1" branch="false" />
                <line number="41" hits="1" branch="false" />
                <line number="42" hits="1" branch="false" />
                <line number="43" hits="1" branch="false" />
                <line number="44" hits="1" branch="false" />
              </lines>
            </method>
            <method name="Print" signature="()" line-rate="0" branch-rate="1" complexity="1">
              <lines>
                <line number="46" hits="0" branch="false" />
                <line number="47" hits="0" branch="false" />
                <line number="48" hits="0" branch="false" />
              </lines>
            </method>
            <method name="RandomInit" signature="()" line-rate="0" branch-rate="1" complexity="1">
              <lines>
                <line number="50" hits="0" branch="false" />
                <line number="51" hits="0" branch="false" />
                <line number="52" hits="0" branch="false" />
                <line number="53" hits="0" branch="false" />
                <line number="54" hits="0" branch="false" />
                <line number="55" hits="0" branch="false" />
                <line number="56" hits="0" branch="false" />
              </lines>
            </method>
            <method name=".cctor" signature="()" line-rate="1" branch-rate="1" complexity="1">
              <lines>
                <line number="11" hits="1" branch="false" />
              </lines>
            </method>
          </methods>
          <lines>
            <line number="11" hits="1" branch="false" />
            <line number="16" hits="9" branch="false" />
            <line number="17" hits="9" branch="false" />
            <line number="21" hits="9" branch="false" />
            <line number="23" hits="3" branch="false" />
            <line number="24" hits="3" branch="true" condition-coverage="50% (1/2)" />
            <line number="25" hits="0" branch="false" />
            <line number="27" hits="3" branch="false" />
            <line number="28" hits="3" branch="false" />
            <line number="30" hits="1" branch="false" />
            <line number="31" hits="1" branch="false" />
            <line number="32" hits="1" branch="false" />
            <line number="33" hits="1" branch="false" />
            <line number="34" hits="1" branch="false" />
            <line number="35" hits="1" branch="false" />
            <line number="36" hits="1" branch="false" />
            <line number="37" hits="1" branch="false" />
            <line number="38" hits="1" branch="false" />
            <line number="39" hits="1" branch="false" />
            <line number="40" hits="1" branch="false" />
            <line number="41" hits="1" branch="false" />
            <line number="42" hits="1" branch="false" />
            <line number="43" hits="1" branch="false" />
            <line number="44" hits="1" branch="false" />
            <line number="46" hits="0" branch="false" />
            <line number="47" hits="0" branch="false" />
            <line number="48" hits="0" branch="false" />
            <line number="50" hits="0" branch="false" />
            <line number="51" hits="0" branch="false" />
            <line number="52" hits="0" branch="false" />
            <line number="53" hits="0" branch="false" />
            <line number="54" hits="0" branch="false" />
            <line number="55" hits="0" branch="false" />
            <line number="56" hits="0" branch="false" />
          </lines>
        </class>
      </classes>
    </package>
    <package name="lab.10.Tests" line-rate="0.924764890282132" branch-rate="0.458333333333333" complexity="60">
      <classes>
        <class name="lab._10.Tests.AnimalTests" filename="C:\Users\Daydi Li\source\repos\lab.10\lab.10.Tests\lab.10.Tests.cs" line-rate="0.982456140350877" branch-rate="0.625" complexity="11">
          <methods>
            <method name="EmptyConstructor_ClassInstanceCreation_CorrectResult" signature="()" line-rate="1" branch-rate="1" complexity="1">
              <lines>
                <line number="13" hits="1" branch="false" />
                <line number="15" hits="1" branch="false" />
                <line number="16" hits="1" branch="false" />
                <line number="18" hits="1" branch="false" />
                <line number="20" hits="1" branch="false" />
                <line number="21" hits="1" branch="false" />
                <line number="22" hits="1" branch="false" />
              </lines>
            </method>
            <method name="ParameterizedConstructor1_ClassInstanceCreation_CorrectResult" signature="()" line-rate="1" branch-rate="1" complexity="1">
              <lines>
                <line number="26" hits="1" branch="false" />
                <line number="27" hits="1" branch="false" />
                <line number="28" hits="1" branch="false" />
                <line number="29" hits="1" branch="false" />
                <line number="31" hits="1" branch="false" />
                <line number="32" hits="1" branch="false" />
                <line number="33" hits="1" branch="false" />
              </lines>
            </method>
            <method name="ParameterizedConstructor2_ClassInstanceCreation_CorrectResult" signature="()" line-rate="1" branch-rate="1" complexity="1">
              <lines>
                <line number="37" hits="1" branch="false" />
                <line number="38" hits="1" branch="false" />
                <line number="39" hits="1" branch="false" />
                <line number="40" hits="1" branch="false" />
                <line number="42" hits="1" branch="false" />
                <line number="43" hits="1" branch="false" />
                <line number="44" hits="1" branch="false" />
              </lines>
            </method>
            <method name="CompareTo_Сomparisons_CorrectResult" signature="()" line-rate="1" branch-rate="1" complexity="1">
              <lines>
                <line number="47" hits="1" branch="false" />
                <line number="48" hits="1" branch="false" />
                <line number="50" hits="1" branch="false" />
                <line number="51" hits="1" branch="false" />
                <line number="53" hits="1" branch="false" />
                <line number="54" hits="1" branch="false" />
              </lines>
            </method>
            <method name="ShallowCopy_FunctionCall_CorrectResult" signature="()" line-rate="1" branch-rate="1" complexity="1">
              <lines>
                <line number="58" hits="1" branch="false" />
                <line number="59" hits="1" branch="false" />
                <line number="60" hits="1" branch="false" />
                <line number="62" hits="1" branch="false" />
                <line number="63" hits="1" branch="false" />
                <line number="64" hits="1" branch="false" />
              </lines>
            </method>
            <method name="Clone_FunctionCall_CorrectResult" signature="()" line-rate="1" branch-rate="1" complexity="1">
              <lines>
                <line number="67" hits="1" branch="false" />
                <line number="68" hits="1" branch="false" />
                <line number="69" hits="1" branch="false" />
                <line number="71" hits="1" branch="false" />
                <line number="72" hits="1" branch="false" />
                <line number="73" hits="1" branch="false" />
              </lines>
            </method>
            <method name="RandomInit_FunctionCall_CorrectResult" signature="()" line-rate="0.944444444444444" branch-rate="0.625" complexity="5">
              <lines>
                <line number="76" hits="1" branch="false" />
                <line number="77" hits="1" branch="false" />
                <line number="78" hits="1" branch="false" />
                <line number="79" hits="1" branch="false" />
                <line number="81" hits="1" branch="false" />
                <line number="82" hits="1" branch="false" />
                <line number="83" hits="14" branch="true" condition-coverage="50% (1/2)" />
                <line number="84" hits="7" branch="false" />
                <line number="85" hits="7" branch="true" condition-coverage="100% (2/2)" />
                <line number="86" hits="1" branch="false" />
                <line number="87" hits="1" branch="false" />
                <line number="88" hits="1" branch="false" />
                <line number="90" hits="6" branch="true" condition-coverage="50% (1/2)" />
                <line number="91" hits="0" branch="false" />
                <line number="92" hits="6" branch="false" />
                <line number="93" hits="1" branch="true" condition-coverage="50% (1/2)" />
                <line number="94" hits="1" branch="false" />
                <line number="95" hits="1" branch="false" />
              </lines>
            </method>
          </methods>
          <lines>
            <line number="13" hits="1" branch="false" />
            <line number="15" hits="1" branch="false" />
            <line number="16" hits="1" branch="false" />
            <line number="18" hits="1" branch="false" />
            <line number="20" hits="1" branch="false" />
            <line number="21" hits="1" branch="false" />
            <line number="22" hits="1" branch="false" />
            <line number="26" hits="1" branch="false" />
            <line number="27" hits="1" branch="false" />
            <line number="28" hits="1" branch="false" />
            <line number="29" hits="1" branch="false" />
            <line number="31" hits="1" branch="false" />
            <line number="32" hits="1" branch="false" />
            <line number="33" hits="1" branch="false" />
            <line number="37" hits="1" branch="false" />
            <line number="38" hits="1" branch="false" />
            <line number="39" hits="1" branch="false" />
            <line number="40" hits="1" branch="false" />
            <line number="42" hits="1" branch="false" />
            <line number="43" hits="1" branch="false" />
            <line number="44" hits="1" branch="false" />
            <line number="47" hits="1" branch="false" />
            <line number="48" hits="1" branch="false" />
            <line number="50" hits="1" branch="false" />
            <line number="51" hits="1" branch="false" />
            <line number="53" hits="1" branch="false" />
            <line number="54" hits="1" branch="false" />
            <line number="58" hits="1" branch="false" />
            <line number="59" hits="1" branch="false" />
            <line number="60" hits="1" branch="false" />
            <line number="62" hits="1" branch="false" />
            <line number="63" hits="1" branch="false" />
            <line number="64" hits="1" branch="false" />
            <line number="67" hits="1" branch="false" />
            <line number="68" hits="1" branch="false" />
            <line number="69" hits="1" branch="false" />
            <line number="71" hits="1" branch="false" />
            <line number="72" hits="1" branch="false" />
            <line number="73" hits="1" branch="false" />
            <line number="76" hits="1" branch="false" />
            <line number="77" hits="1" branch="false" />
            <line number="78" hits="1" branch="false" />
            <line number="79" hits="1" branch="false" />
            <line number="81" hits="1" branch="false" />
            <line number="82" hits="1" branch="false" />
            <line number="83" hits="14" branch="true" condition-coverage="50% (1/2)" />
            <line number="84" hits="7" branch="false" />
            <line number="85" hits="7" branch="true" condition-coverage="100% (2/2)" />
            <line number="86" hits="1" branch="false" />
            <line number="87" hits="1" branch="false" />
            <line number="88" hits="1" branch="false" />
            <line number="90" hits="6" branch="true" condition-coverage="50% (1/2)" />
            <line number="91" hits="0" branch="false" />
            <line number="92" hits="6" branch="false" />
            <line number="93" hits="1" branch="true" condition-coverage="50% (1/2)" />
            <line number="94" hits="1" branch="false" />
            <line number="95" hits="1" branch="false" />
          </lines>
        </class>
        <class name="lab._10.Tests.ArtiodactylTests" filename="C:\Users\Daydi Li\source\repos\lab.10\lab.10.Tests\lab.10.Tests.cs" line-rate="0.987951807228916" branch-rate="0.583333333333333" complexity="15">
          <methods>
            <method name="EmptyConstructor_ClassInstanceCreation_CorrectResult" signature="()" line-rate="1" branch-rate="1" complexity="1">
              <lines>
                <line number="318" hits="1" branch="false" />
                <line number="320" hits="1" branch="false" />
                <line number="321" hits="1" branch="false" />
                <line number="323" hits="1" branch="false" />
                <line number="325" hits="1" branch="false" />
                <line number="326" hits="1" branch="false" />
                <line number="327" hits="1" branch="false" />
              </lines>
            </method>
            <method name="ParameterizedConstructor1_ClassInstanceCreation_CorrectResult" signature="()" line-rate="1" branch-rate="1" complexity="1">
              <lines>
                <line number="331" hits="1" branch="false" />
                <line number="332" hits="1" branch="false" />
                <line number="333" hits="1" branch="false" />
                <line number="334" hits="1" branch="false" />
                <line number="336" hits="1" branch="false" />
                <line number="337" hits="1" branch="false" />
                <line number="338" hits="1" branch="false" />
              </lines>
            </method>
            <method name="ParameterizedConstructor2_ClassInstanceCreation_CorrectResult" signature="()" line-rate="1" branch-rate="1" complexity="1">
              <lines>
                <line number="342" hits="1" branch="false" />
                <line number="343" hits="1" branch="false" />
                <line number="344" hits="1" branch="false" />
                <line number="345" hits="1" branch="false" />
                <line number="347" hits="1" branch="false" />
                <line number="348" hits="1" branch="false" />
                <line number="349" hits="1" branch="false" />
              </lines>
            </method>
            <method name="ParameterizedConstructor3_ClassInstanceCreation_CorrectResult" signature="()" line-rate="1" branch-rate="1" complexity="1">
              <lines>
                <line number="352" hits="1" branch="false" />
                <line number="353" hits="1" branch="false" />
                <line number="354" hits="1" branch="false" />
                <line number="355" hits="1" branch="false" />
                <line number="356" hits="1" branch="false" />
                <line number="358" hits="1" branch="false" />
                <line number="359" hits="1" branch="false" />
                <line number="360" hits="1" branch="false" />
                <line number="361" hits="1" branch="false" />
              </lines>
            </method>
            <method name="ParameterizedConstructor4_ClassInstanceCreation_CorrectResult" signature="()" line-rate="1" branch-rate="1" complexity="1">
              <lines>
                <line number="364" hits="1" branch="false" />
                <line number="365" hits="1" branch="false" />
                <line number="366" hits="1" branch="false" />
                <line number="367" hits="1" branch="false" />
                <line number="368" hits="1" branch="false" />
                <line number="369" hits="1" branch="false" />
                <line number="371" hits="1" branch="false" />
                <line number="372" hits="1" branch="false" />
                <line number="373" hits="1" branch="false" />
                <line number="374" hits="1" branch="false" />
                <line number="375" hits="1" branch="false" />
              </lines>
            </method>
            <method name="CompareTo_Сomparisons_CorrectResult" signature="()" line-rate="1" branch-rate="1" complexity="1">
              <lines>
                <line number="378" hits="1" branch="false" />
                <line number="379" hits="1" branch="false" />
                <line number="381" hits="1" branch="false" />
                <line number="382" hits="1" branch="false" />
                <line number="384" hits="1" branch="false" />
                <line number="385" hits="1" branch="false" />
              </lines>
            </method>
            <method name="ShallowCopy_FunctionCall_CorrectResult" signature="()" line-rate="1" branch-rate="1" complexity="1">
              <lines>
                <line number="389" hits="1" branch="false" />
                <line number="390" hits="1" branch="false" />
                <line number="391" hits="1" branch="false" />
                <line number="393" hits="1" branch="false" />
                <line number="394" hits="1" branch="false" />
                <line number="395" hits="1" branch="false" />
              </lines>
            </method>
            <method name="Clone_FunctionCall_CorrectResult" signature="()" line-rate="1" branch-rate="1" complexity="1">
              <lines>
                <line number="398" hits="1" branch="false" />
                <line number="399" hits="1" branch="false" />
                <line number="400" hits="1" branch="false" />
                <line number="402" hits="1" branch="false" />
                <line number="403" hits="1" branch="false" />
                <line number="404" hits="1" branch="false" />
              </lines>
            </method>
            <method name="RandomInit_FunctionCall_CorrectResult" signature="()" line-rate="0.958333333333333" branch-rate="0.583333333333333" complexity="7">
              <lines>
                <line number="407" hits="1" branch="false" />
                <line number="408" hits="1" branch="false" />
                <line number="410" hits="1" branch="false" />
                <line number="411" hits="1" branch="false" />
                <line number="412" hits="1" branch="false" />
                <line number="413" hits="1" branch="false" />
                <line number="415" hits="1" branch="false" />
                <line number="416" hits="1" branch="false" />
                <line number="418" hits="6" branch="true" condition-coverage="50% (1/2)" />
                <line number="419" hits="3" branch="false" />
                <line number="420" hits="3" branch="true" condition-coverage="100% (2/2)" />
                <line number="421" hits="1" branch="false" />
                <line number="422" hits="1" branch="false" />
                <line number="423" hits="1" branch="false" />
                <line number="425" hits="2" branch="true" condition-coverage="50% (1/2)" />
                <line number="426" hits="0" branch="false" />
                <line number="427" hits="2" branch="false" />
                <line number="428" hits="1" branch="true" condition-coverage="50% (1/2)" />
                <line number="429" hits="1" branch="false" />
                <line number="430" hits="1" branch="true" condition-coverage="50% (1/2)" />
                <line number="431" hits="1" branch="false" />
                <line number="432" hits="1" branch="true" condition-coverage="50% (1/2)" />
                <line number="433" hits="1" branch="false" />
                <line number="435" hits="1" branch="false" />
              </lines>
            </method>
          </methods>
          <lines>
            <line number="318" hits="1" branch="false" />
            <line number="320" hits="1" branch="false" />
            <line number="321" hits="1" branch="false" />
            <line number="323" hits="1" branch="false" />
            <line number="325" hits="1" branch="false" />
            <line number="326" hits="1" branch="false" />
            <line number="327" hits="1" branch="false" />
            <line number="331" hits="1" branch="false" />
            <line number="332" hits="1" branch="false" />
            <line number="333" hits="1" branch="false" />
            <line number="334" hits="1" branch="false" />
            <line number="336" hits="1" branch="false" />
            <line number="337" hits="1" branch="false" />
            <line number="338" hits="1" branch="false" />
            <line number="342" hits="1" branch="false" />
            <line number="343" hits="1" branch="false" />
            <line number="344" hits="1" branch="false" />
            <line number="345" hits="1" branch="false" />
            <line number="347" hits="1" branch="false" />
            <line number="348" hits="1" branch="false" />
            <line number="349" hits="1" branch="false" />
            <line number="352" hits="1" branch="false" />
            <line number="353" hits="1" branch="false" />
            <line number="354" hits="1" branch="false" />
            <line number="355" hits="1" branch="false" />
            <line number="356" hits="1" branch="false" />
            <line number="358" hits="1" branch="false" />
            <line number="359" hits="1" branch="false" />
            <line number="360" hits="1" branch="false" />
            <line number="361" hits="1" branch="false" />
            <line number="364" hits="1" branch="false" />
            <line number="365" hits="1" branch="false" />
            <line number="366" hits="1" branch="false" />
            <line number="367" hits="1" branch="false" />
            <line number="368" hits="1" branch="false" />
            <line number="369" hits="1" branch="false" />
            <line number="371" hits="1" branch="false" />
            <line number="372" hits="1" branch="false" />
            <line number="373" hits="1" branch="false" />
            <line number="374" hits="1" branch="false" />
            <line number="375" hits="1" branch="false" />
            <line number="378" hits="1" branch="false" />
            <line number="379" hits="1" branch="false" />
            <line number="381" hits="1" branch="false" />
            <line number="382" hits="1" branch="false" />
            <line number="384" hits="1" branch="false" />
            <line number="385" hits="1" branch="false" />
            <line number="389" hits="1" branch="false" />
            <line number="390" hits="1" branch="false" />
            <line number="391" hits="1" branch="false" />
            <line number="393" hits="1" branch="false" />
            <line number="394" hits="1" branch="false" />
            <line number="395" hits="1" branch="false" />
            <line number="398" hits="1" branch="false" />
            <line number="399" hits="1" branch="false" />
            <line number="400" hits="1" branch="false" />
            <line number="402" hits="1" branch="false" />
            <line number="403" hits="1" branch="false" />
            <line number="404" hits="1" branch="false" />
            <line number="407" hits="1" branch="false" />
            <line number="408" hits="1" branch="false" />
            <line number="410" hits="1" branch="false" />
            <line number="411" hits="1" branch="false" />
            <line number="412" hits="1" branch="false" />
            <line number="413" hits="1" branch="false" />
            <line number="415" hits="1" branch="false" />
            <line number="416" hits="1" branch="false" />
            <line number="418" hits="6" branch="true" condition-coverage="50% (1/2)" />
            <line number="419" hits="3" branch="false" />
            <line number="420" hits="3" branch="true" condition-coverage="100% (2/2)" />
            <line number="421" hits="1" branch="false" />
            <line number="422" hits="1" branch="false" />
            <line number="423" hits="1" branch="false" />
            <line number="425" hits="2" branch="true" condition-coverage="50% (1/2)" />
            <line number="426" hits="0" branch="false" />
            <line number="427" hits="2" branch="false" />
            <line number="428" hits="1" branch="true" condition-coverage="50% (1/2)" />
            <line number="429" hits="1" branch="false" />
            <line number="430" hits="1" branch="true" condition-coverage="50% (1/2)" />
            <line number="431" hits="1" branch="false" />
            <line number="432" hits="1" branch="true" condition-coverage="50% (1/2)" />
            <line number="433" hits="1" branch="false" />
            <line number="435" hits="1" branch="false" />
          </lines>
        </class>
        <class name="lab._10.Tests.BirdTests" filename="C:\Users\Daydi Li\source\repos\lab.10\lab.10.Tests\lab.10.Tests.cs" line-rate="0.957142857142857" branch-rate="0.4" complexity="13">
          <methods>
            <method name="EmptyConstructor_ClassInstanceCreation_CorrectResult" signature="()" line-rate="1" branch-rate="1" complexity="1">
              <lines>
                <line number="103" hits="1" branch="false" />
                <line number="105" hits="1" branch="false" />
                <line number="106" hits="1" branch="false" />
                <line number="108" hits="1" branch="false" />
                <line number="110" hits="1" branch="false" />
                <line number="111" hits="1" branch="false" />
                <line number="112" hits="1" branch="false" />
              </lines>
            </method>
            <method name="ParameterizedConstructor1_ClassInstanceCreation_CorrectResult" signature="()" line-rate="1" branch-rate="1" complexity="1">
              <lines>
                <line number="116" hits="1" branch="false" />
                <line number="117" hits="1" branch="false" />
                <line number="118" hits="1" branch="false" />
                <line number="119" hits="1" branch="false" />
                <line number="121" hits="1" branch="false" />
                <line number="122" hits="1" branch="false" />
                <line number="123" hits="1" branch="false" />
              </lines>
            </method>
            <method name="ParameterizedConstructor2_ClassInstanceCreation_CorrectResult" signature="()" line-rate="1" branch-rate="1" complexity="1">
              <lines>
                <line number="127" hits="1" branch="false" />
                <line number="128" hits="1" branch="false" />
                <line number="129" hits="1" branch="false" />
                <line number="130" hits="1" branch="false" />
                <line number="132" hits="1" branch="false" />
                <line number="133" hits="1" branch="false" />
                <line number="134" hits="1" branch="false" />
              </lines>
            </method>
            <method name="ParameterizedConstructor3_ClassInstanceCreation_CorrectResult" signature="()" line-rate="1" branch-rate="1" complexity="1">
              <lines>
                <line number="137" hits="1" branch="false" />
                <line number="138" hits="1" branch="false" />
                <line number="139" hits="1" branch="false" />
                <line number="140" hits="1" branch="false" />
                <line number="141" hits="1" branch="false" />
                <line number="143" hits="1" branch="false" />
                <line number="144" hits="1" branch="false" />
                <line number="145" hits="1" branch="false" />
                <line number="146" hits="1" branch="false" />
              </lines>
            </method>
            <method name="CompareTo_Сomparisons_CorrectResult" signature="()" line-rate="1" branch-rate="1" complexity="1">
              <lines>
                <line number="149" hits="1" branch="false" />
                <line number="150" hits="1" branch="false" />
                <line number="152" hits="1" branch="false" />
                <line number="153" hits="1" branch="false" />
                <line number="155" hits="1" branch="false" />
                <line number="156" hits="1" branch="false" />
              </lines>
            </method>
            <method name="ShallowCopy_FunctionCall_CorrectResult" signature="()" line-rate="1" branch-rate="1" complexity="1">
              <lines>
                <line number="160" hits="1" branch="false" />
                <line number="161" hits="1" branch="false" />
                <line number="162" hits="1" branch="false" />
                <line number="164" hits="1" branch="false" />
                <line number="165" hits="1" branch="false" />
                <line number="166" hits="1" branch="false" />
              </lines>
            </method>
            <method name="Clone_FunctionCall_CorrectResult" signature="()" line-rate="1" branch-rate="1" complexity="1">
              <lines>
                <line number="169" hits="1" branch="false" />
                <line number="170" hits="1" branch="false" />
                <line number="171" hits="1" branch="false" />
                <line number="173" hits="1" branch="false" />
                <line number="174" hits="1" branch="false" />
                <line number="175" hits="1" branch="false" />
              </lines>
            </method>
            <method name="RandomInit_FunctionCall_CorrectResult" signature="()" line-rate="0.863636363636364" branch-rate="0.4" complexity="6">
              <lines>
                <line number="178" hits="1" branch="false" />
                <line number="179" hits="1" branch="false" />
                <line number="181" hits="1" branch="false" />
                <line number="182" hits="1" branch="false" />
                <line number="183" hits="1" branch="false" />
                <line number="184" hits="1" branch="false" />
                <line number="186" hits="1" branch="false" />
                <line number="187" hits="1" branch="false" />
                <line number="188" hits="2" branch="true" condition-coverage="50% (1/2)" />
                <line number="189" hits="1" branch="false" />
                <line number="190" hits="1" branch="true" condition-coverage="50% (1/2)" />
                <line number="191" hits="1" branch="false" />
                <line number="192" hits="1" branch="false" />
                <line number="193" hits="1" branch="false" />
                <line number="195" hits="0" branch="true" condition-coverage="0% (0/2)" />
                <line number="196" hits="0" branch="false" />
                <line number="197" hits="0" branch="false" />
                <line number="198" hits="1" branch="true" condition-coverage="50% (1/2)" />
                <line number="199" hits="1" branch="false" />
                <line number="200" hits="1" branch="true" condition-coverage="50% (1/2)" />
                <line number="201" hits="1" branch="false" />
                <line number="202" hits="1" branch="false" />
              </lines>
            </method>
          </methods>
          <lines>
            <line number="103" hits="1" branch="false" />
            <line number="105" hits="1" branch="false" />
            <line number="106" hits="1" branch="false" />
            <line number="108" hits="1" branch="false" />
            <line number="110" hits="1" branch="false" />
            <line number="111" hits="1" branch="false" />
            <line number="112" hits="1" branch="false" />
            <line number="116" hits="1" branch="false" />
            <line number="117" hits="1" branch="false" />
            <line number="118" hits="1" branch="false" />
            <line number="119" hits="1" branch="false" />
            <line number="121" hits="1" branch="false" />
            <line number="122" hits="1" branch="false" />
            <line number="123" hits="1" branch="false" />
            <line number="127" hits="1" branch="false" />
            <line number="128" hits="1" branch="false" />
            <line number="129" hits="1" branch="false" />
            <line number="130" hits="1" branch="false" />
            <line number="132" hits="1" branch="false" />
            <line number="133" hits="1" branch="false" />
            <line number="134" hits="1" branch="false" />
            <line number="137" hits="1" branch="false" />
            <line number="138" hits="1" branch="false" />
            <line number="139" hits="1" branch="false" />
            <line number="140" hits="1" branch="false" />
            <line number="141" hits="1" branch="false" />
            <line number="143" hits="1" branch="false" />
            <line number="144" hits="1" branch="false" />
            <line number="145" hits="1" branch="false" />
            <line number="146" hits="1" branch="false" />
            <line number="149" hits="1" branch="false" />
            <line number="150" hits="1" branch="false" />
            <line number="152" hits="1" branch="false" />
            <line number="153" hits="1" branch="false" />
            <line number="155" hits="1" branch="false" />
            <line number="156" hits="1" branch="false" />
            <line number="160" hits="1" branch="false" />
            <line number="161" hits="1" branch="false" />
            <line number="162" hits="1" branch="false" />
            <line number="164" hits="1" branch="false" />
            <line number="165" hits="1" branch="false" />
            <line number="166" hits="1" branch="false" />
            <line number="169" hits="1" branch="false" />
            <line number="170" hits="1" branch="false" />
            <line number="171" hits="1" branch="false" />
            <line number="173" hits="1" branch="false" />
            <line number="174" hits="1" branch="false" />
            <line number="175" hits="1" branch="false" />
            <line number="178" hits="1" branch="false" />
            <line number="179" hits="1" branch="false" />
            <line number="181" hits="1" branch="false" />
            <line number="182" hits="1" branch="false" />
            <line number="183" hits="1" branch="false" />
            <line number="184" hits="1" branch="false" />
            <line number="186" hits="1" branch="false" />
            <line number="187" hits="1" branch="false" />
            <line number="188" hits="2" branch="true" condition-coverage="50% (1/2)" />
            <line number="189" hits="1" branch="false" />
            <line number="190" hits="1" branch="true" condition-coverage="50% (1/2)" />
            <line number="191" hits="1" branch="false" />
            <line number="192" hits="1" branch="false" />
            <line number="193" hits="1" branch="false" />
            <line number="195" hits="0" branch="true" condition-coverage="0% (0/2)" />
            <line number="196" hits="0" branch="false" />
            <line number="197" hits="0" branch="false" />
            <line number="198" hits="1" branch="true" condition-coverage="50% (1/2)" />
            <line number="199" hits="1" branch="false" />
            <line number="200" hits="1" branch="true" condition-coverage="50% (1/2)" />
            <line number="201" hits="1" branch="false" />
            <line number="202" hits="1" branch="false" />
          </lines>
        </class>
        <class name="lab._10.Tests.MammalTests" filename="C:\Users\Daydi Li\source\repos\lab.10\lab.10.Tests\lab.10.Tests.cs" line-rate="0.985714285714286" branch-rate="0.6" complexity="13">
          <methods>
            <method name="EmptyConstructor_ClassInstanceCreation_CorrectResult" signature="()" line-rate="1" branch-rate="1" complexity="1">
              <lines>
                <line number="210" hits="1" branch="false" />
                <line number="212" hits="1" branch="false" />
                <line number="213" hits="1" branch="false" />
                <line number="215" hits="1" branch="false" />
                <line number="217" hits="1" branch="false" />
                <line number="218" hits="1" branch="false" />
                <line number="219" hits="1" branch="false" />
              </lines>
            </method>
            <method name="ParameterizedConstructor1_ClassInstanceCreation_CorrectResult" signature="()" line-rate="1" branch-rate="1" complexity="1">
              <lines>
                <line number="223" hits="1" branch="false" />
                <line number="224" hits="1" branch="false" />
                <line number="225" hits="1" branch="false" />
                <line number="226" hits="1" branch="false" />
                <line number="228" hits="1" branch="false" />
                <line number="229" hits="1" branch="false" />
                <line number="230" hits="1" branch="false" />
              </lines>
            </method>
            <method name="ParameterizedConstructor2_ClassInstanceCreation_CorrectResult" signature="()" line-rate="1" branch-rate="1" complexity="1">
              <lines>
                <line number="234" hits="1" branch="false" />
                <line number="235" hits="1" branch="false" />
                <line number="236" hits="1" branch="false" />
                <line number="237" hits="1" branch="false" />
                <line number="239" hits="1" branch="false" />
                <line number="240" hits="1" branch="false" />
                <line number="241" hits="1" branch="false" />
              </lines>
            </method>
            <method name="ParameterizedConstructor3_ClassInstanceCreation_CorrectResult" signature="()" line-rate="1" branch-rate="1" complexity="1">
              <lines>
                <line number="244" hits="1" branch="false" />
                <line number="245" hits="1" branch="false" />
                <line number="246" hits="1" branch="false" />
                <line number="247" hits="1" branch="false" />
                <line number="248" hits="1" branch="false" />
                <line number="250" hits="1" branch="false" />
                <line number="251" hits="1" branch="false" />
                <line number="252" hits="1" branch="false" />
                <line number="253" hits="1" branch="false" />
              </lines>
            </method>
            <method name="CompareTo_Сomparisons_CorrectResult" signature="()" line-rate="1" branch-rate="1" complexity="1">
              <lines>
                <line number="256" hits="1" branch="false" />
                <line number="257" hits="1" branch="false" />
                <line number="259" hits="1" branch="false" />
                <line number="260" hits="1" branch="false" />
                <line number="262" hits="1" branch="false" />
                <line number="263" hits="1" branch="false" />
              </lines>
            </method>
            <method name="ShallowCopy_FunctionCall_CorrectResult" signature="()" line-rate="1" branch-rate="1" complexity="1">
              <lines>
                <line number="267" hits="1" branch="false" />
                <line number="268" hits="1" branch="false" />
                <line number="269" hits="1" branch="false" />
                <line number="271" hits="1" branch="false" />
                <line number="272" hits="1" branch="false" />
                <line number="273" hits="1" branch="false" />
              </lines>
            </method>
            <method name="Clone_FunctionCall_CorrectResult" signature="()" line-rate="1" branch-rate="1" complexity="1">
              <lines>
                <line number="276" hits="1" branch="false" />
                <line number="277" hits="1" branch="false" />
                <line number="278" hits="1" branch="false" />
                <line number="280" hits="1" branch="false" />
                <line number="281" hits="1" branch="false" />
                <line number="282" hits="1" branch="false" />
              </lines>
            </method>
            <method name="RandomInit_FunctionCall_CorrectResult" signature="()" line-rate="0.954545454545455" branch-rate="0.6" complexity="6">
              <lines>
                <line number="285" hits="1" branch="false" />
                <line number="286" hits="1" branch="false" />
                <line number="288" hits="1" branch="false" />
                <line number="289" hits="1" branch="false" />
                <line number="290" hits="1" branch="false" />
                <line number="291" hits="1" branch="false" />
                <line number="293" hits="1" branch="false" />
                <line number="294" hits="1" branch="false" />
                <line number="296" hits="16" branch="true" condition-coverage="50% (1/2)" />
                <line number="297" hits="8" branch="false" />
                <line number="298" hits="8" branch="true" condition-coverage="100% (2/2)" />
                <line number="299" hits="1" branch="false" />
                <line number="300" hits="1" branch="false" />
                <line number="301" hits="1" branch="false" />
                <line number="303" hits="7" branch="true" condition-coverage="50% (1/2)" />
                <line number="304" hits="0" branch="false" />
                <line number="305" hits="7" branch="false" />
                <line number="306" hits="1" branch="true" condition-coverage="50% (1/2)" />
                <line number="307" hits="1" branch="false" />
                <line number="308" hits="1" branch="true" condition-coverage="50% (1/2)" />
                <line number="309" hits="1" branch="false" />
                <line number="310" hits="1" branch="false" />
              </lines>
            </method>
          </methods>
          <lines>
            <line number="210" hits="1" branch="false" />
            <line number="212" hits="1" branch="false" />
            <line number="213" hits="1" branch="false" />
            <line number="215" hits="1" branch="false" />
            <line number="217" hits="1" branch="false" />
            <line number="218" hits="1" branch="false" />
            <line number="219" hits="1" branch="false" />
            <line number="223" hits="1" branch="false" />
            <line number="224" hits="1" branch="false" />
            <line number="225" hits="1" branch="false" />
            <line number="226" hits="1" branch="false" />
            <line number="228" hits="1" branch="false" />
            <line number="229" hits="1" branch="false" />
            <line number="230" hits="1" branch="false" />
            <line number="234" hits="1" branch="false" />
            <line number="235" hits="1" branch="false" />
            <line number="236" hits="1" branch="false" />
            <line number="237" hits="1" branch="false" />
            <line number="239" hits="1" branch="false" />
            <line number="240" hits="1" branch="false" />
            <line number="241" hits="1" branch="false" />
            <line number="244" hits="1" branch="false" />
            <line number="245" hits="1" branch="false" />
            <line number="246" hits="1" branch="false" />
            <line number="247" hits="1" branch="false" />
            <line number="248" hits="1" branch="false" />
            <line number="250" hits="1" branch="false" />
            <line number="251" hits="1" branch="false" />
            <line number="252" hits="1" branch="false" />
            <line number="253" hits="1" branch="false" />
            <line number="256" hits="1" branch="false" />
            <line number="257" hits="1" branch="false" />
            <line number="259" hits="1" branch="false" />
            <line number="260" hits="1" branch="false" />
            <line number="262" hits="1" branch="false" />
            <line number="263" hits="1" branch="false" />
            <line number="267" hits="1" branch="false" />
            <line number="268" hits="1" branch="false" />
            <line number="269" hits="1" branch="false" />
            <line number="271" hits="1" branch="false" />
            <line number="272" hits="1" branch="false" />
            <line number="273" hits="1" branch="false" />
            <line number="276" hits="1" branch="false" />
            <line number="277" hits="1" branch="false" />
            <line number="278" hits="1" branch="false" />
            <line number="280" hits="1" branch="false" />
            <line number="281" hits="1" branch="false" />
            <line number="282" hits="1" branch="false" />
            <line number="285" hits="1" branch="false" />
            <line number="286" hits="1" branch="false" />
            <line number="288" hits="1" branch="false" />
            <line number="289" hits="1" branch="false" />
            <line number="290" hits="1" branch="false" />
            <line number="291" hits="1" branch="false" />
            <line number="293" hits="1" branch="false" />
            <line number="294" hits="1" branch="false" />
            <line number="296" hits="16" branch="true" condition-coverage="50% (1/2)" />
            <line number="297" hits="8" branch="false" />
            <line number="298" hits="8" branch="true" condition-coverage="100% (2/2)" />
            <line number="299" hits="1" branch="false" />
            <line number="300" hits="1" branch="false" />
            <line number="301" hits="1" branch="false" />
            <line number="303" hits="7" branch="true" condition-coverage="50% (1/2)" />
            <line number="304" hits="0" branch="false" />
            <line number="305" hits="7" branch="false" />
            <line number="306" hits="1" branch="true" condition-coverage="50% (1/2)" />
            <line number="307" hits="1" branch="false" />
            <line number="308" hits="1" branch="true" condition-coverage="50% (1/2)" />
            <line number="309" hits="1" branch="false" />
            <line number="310" hits="1" branch="false" />
          </lines>
        </class>
        <class name="lab._10.Tests.PersonTests" filename="C:\Users\Daydi Li\source\repos\lab.10\lab.10.Tests\lab.10.Tests.cs" line-rate="0.538461538461538" branch-rate="0" complexity="8">
          <methods>
            <method name="EmptyConstructor_ClassInstanceCreation_CorrectResult" signature="()" line-rate="1" branch-rate="1" complexity="1">
              <lines>
                <line number="442" hits="1" branch="false" />
                <line number="444" hits="1" branch="false" />
                <line number="445" hits="1" branch="false" />
                <line number="447" hits="1" branch="false" />
                <line number="449" hits="1" branch="false" />
                <line number="450" hits="1" branch="false" />
                <line number="451" hits="1" branch="false" />
              </lines>
            </method>
            <method name="ParameterizedConstructor1_ClassInstanceCreation_CorrectResult" signature="()" line-rate="1" branch-rate="1" complexity="1">
              <lines>
                <line number="455" hits="1" branch="false" />
                <line number="456" hits="1" branch="false" />
                <line number="457" hits="1" branch="false" />
                <line number="459" hits="1" branch="false" />
                <line number="461" hits="1" branch="false" />
                <line number="462" hits="1" branch="false" />
                <line number="463" hits="1" branch="false" />
              </lines>
            </method>
            <method name="ParameterizedConstructor2_ClassInstanceCreation_CorrectResult" signature="()" line-rate="1" branch-rate="1" complexity="1">
              <lines>
                <line number="467" hits="1" branch="false" />
                <line number="468" hits="1" branch="false" />
                <line number="469" hits="1" branch="false" />
                <line number="471" hits="1" branch="false" />
                <line number="473" hits="1" branch="false" />
                <line number="474" hits="1" branch="false" />
                <line number="475" hits="1" branch="false" />
              </lines>
            </method>
            <method name="RandomInit_FunctionCall_CorrectResult" signature="()" line-rate="0" branch-rate="0" complexity="5">
              <lines>
                <line number="477" hits="0" branch="false" />
                <line number="478" hits="0" branch="false" />
                <line number="479" hits="0" branch="false" />
                <line number="480" hits="0" branch="false" />
                <line number="482" hits="0" branch="false" />
                <line number="483" hits="0" branch="false" />
                <line number="484" hits="0" branch="true" condition-coverage="0% (0/2)" />
                <line number="485" hits="0" branch="false" />
                <line number="486" hits="0" branch="true" condition-coverage="0% (0/2)" />
                <line number="487" hits="0" branch="false" />
                <line number="488" hits="0" branch="false" />
                <line number="489" hits="0" branch="false" />
                <line number="491" hits="0" branch="true" condition-coverage="0% (0/2)" />
                <line number="492" hits="0" branch="false" />
                <line number="493" hits="0" branch="false" />
                <line number="494" hits="0" branch="true" condition-coverage="0% (0/2)" />
                <line number="495" hits="0" branch="false" />
                <line number="496" hits="0" branch="false" />
              </lines>
            </method>
          </methods>
          <lines>
            <line number="442" hits="1" branch="false" />
            <line number="444" hits="1" branch="false" />
            <line number="445" hits="1" branch="false" />
            <line number="447" hits="1" branch="false" />
            <line number="449" hits="1" branch="false" />
            <line number="450" hits="1" branch="false" />
            <line number="451" hits="1" branch="false" />
            <line number="455" hits="1" branch="false" />
            <line number="456" hits="1" branch="false" />
            <line number="457" hits="1" branch="false" />
            <line number="459" hits="1" branch="false" />
            <line number="461" hits="1" branch="false" />
            <line number="462" hits="1" branch="false" />
            <line number="463" hits="1" branch="false" />
            <line number="467" hits="1" branch="false" />
            <line number="468" hits="1" branch="false" />
            <line number="469" hits="1" branch="false" />
            <line number="471" hits="1" branch="false" />
            <line number="473" hits="1" branch="false" />
            <line number="474" hits="1" branch="false" />
            <line number="475" hits="1" branch="false" />
            <line number="477" hits="0" branch="false" />
            <line number="478" hits="0" branch="false" />
            <line number="479" hits="0" branch="false" />
            <line number="480" hits="0" branch="false" />
            <line number="482" hits="0" branch="false" />
            <line number="483" hits="0" branch="false" />
            <line number="484" hits="0" branch="true" condition-coverage="0% (0/2)" />
            <line number="485" hits="0" branch="false" />
            <line number="486" hits="0" branch="true" condition-coverage="0% (0/2)" />
            <line number="487" hits="0" branch="false" />
            <line number="488" hits="0" branch="false" />
            <line number="489" hits="0" branch="false" />
            <line number="491" hits="0" branch="true" condition-coverage="0% (0/2)" />
            <line number="492" hits="0" branch="false" />
            <line number="493" hits="0" branch="false" />
            <line number="494" hits="0" branch="true" condition-coverage="0% (0/2)" />
            <line number="495" hits="0" branch="false" />
            <line number="496" hits="0" branch="false" />
          </lines>
        </class>
      </classes>
    </package>
  </packages>
</coverage>