<?xml version="1.0" encoding="utf-8"?>
<CoverageSession xmlns:xsd="http://www.w3.org/2001/XMLSchema" xmlns:xsi="http://www.w3.org/2001/XMLSchema-instance" Version="4.7.922.0">
  <Summary numSequencePoints="560" visitedSequencePoints="489" numBranchPoints="159" visitedBranchPoints="111" sequenceCoverage="87.32" branchCoverage="69.81" maxCyclomaticComplexity="7" minCyclomaticComplexity="1" maxCrapScore="30" minCrapScore="1" visitedClasses="10" numClasses="11" visitedMethods="83" numMethods="95" />
  <Modules>
    <Module hash="4A-0C-EC-4D-38-D8-18-11-2D-97-CE-71-6A-DD-88-F6-BC-7C-FF-0F">
      <Summary numSequencePoints="320" visitedSequencePoints="294" numBranchPoints="84" visitedBranchPoints="57" sequenceCoverage="91.88" branchCoverage="67.86" maxCyclomaticComplexity="7" minCyclomaticComplexity="1" maxCrapScore="30" minCrapScore="1" visitedClasses="5" numClasses="5" visitedMethods="35" numMethods="36" />
      <ModulePath>C:\Users\Daydi Li\source\repos\lab.10\lab.10.Tests\bin\Debug\fine-code-coverage\build-output\lab.10.Tests.dll</ModulePath>
      <ModuleTime>2022-12-10T03:23:04.062883Z</ModuleTime>
      <ModuleName>lab.10.Tests</ModuleName>
      <Files>
        <File uid="1" fullPath="C:\Users\Daydi Li\source\repos\lab.10\lab.10.Tests\lab.10.Tests.cs" />
      </Files>
      <Classes>
        <Class>
          <Summary numSequencePoints="58" visitedSequencePoints="57" numBranchPoints="15" visitedBranchPoints="12" sequenceCoverage="98.28" branchCoverage="80" maxCyclomaticComplexity="5" minCyclomaticComplexity="1" maxCrapScore="5.00" minCrapScore="1" visitedClasses="1" numClasses="1" visitedMethods="7" numMethods="7" />
          <FullName>lab._10.Tests.AnimalTests</FullName>
          <Methods>
            <Method visited="true" cyclomaticComplexity="1" nPathComplexity="0" sequenceCoverage="100" branchCoverage="100" crapScore="1" isConstructor="false" isStatic="false" isGetter="false" isSetter="false">
              <Summary numSequencePoints="7" visitedSequencePoints="7" numBranchPoints="1" visitedBranchPoints="1" sequenceCoverage="100" branchCoverage="100" maxCyclomaticComplexity="1" minCyclomaticComplexity="1" maxCrapScore="1" minCrapScore="1" visitedClasses="0" numClasses="0" visitedMethods="1" numMethods="1" />
              <MetadataToken>100663297</MetadataToken>
              <Name>System.Void lab._10.Tests.AnimalTests::EmptyConstructor_ClassInstanceCreation_CorrectResult()</Name>
              <FileRef uid="1" />
              <SequencePoints>
                <SequencePoint vc="1" uspid="1" ordinal="0" offset="0" sl="13" sc="9" el="13" ec="10" bec="0" bev="0" fileid="1" />
                <SequencePoint vc="1" uspid="2" ordinal="1" offset="1" sl="15" sc="13" el="15" ec="47" bec="0" bev="0" fileid="1" />
                <SequencePoint vc="1" uspid="3" ordinal="2" offset="7" sl="16" sc="13" el="16" ec="36" bec="0" bev="0" fileid="1" />
                <SequencePoint vc="1" uspid="4" ordinal="3" offset="9" sl="18" sc="13" el="18" ec="39" bec="0" bev="0" fileid="1" />
                <SequencePoint vc="1" uspid="5" ordinal="4" offset="15" sl="20" sc="13" el="20" ec="53" bec="0" bev="0" fileid="1" />
                <SequencePoint vc="1" uspid="6" ordinal="5" offset="28" sl="21" sc="13" el="21" ec="57" bec="0" bev="0" fileid="1" />
                <SequencePoint vc="1" uspid="7" ordinal="6" offset="42" sl="22" sc="9" el="22" ec="10" bec="0" bev="0" fileid="1" />
              </SequencePoints>
              <BranchPoints />
              <MethodPoint xsi:type="SequencePoint" vc="1" uspid="1" ordinal="0" offset="0" sl="13" sc="9" el="13" ec="10" bec="0" bev="0" fileid="1" />
            </Method>
            <Method visited="true" cyclomaticComplexity="1" nPathComplexity="0" sequenceCoverage="100" branchCoverage="100" crapScore="1" isConstructor="false" isStatic="false" isGetter="false" isSetter="false">
              <Summary numSequencePoints="7" visitedSequencePoints="7" numBranchPoints="1" visitedBranchPoints="1" sequenceCoverage="100" branchCoverage="100" maxCyclomaticComplexity="1" minCyclomaticComplexity="1" maxCrapScore="1" minCrapScore="1" visitedClasses="0" numClasses="0" visitedMethods="1" numMethods="1" />
              <MetadataToken>100663298</MetadataToken>
              <Name>System.Void lab._10.Tests.AnimalTests::ParameterizedConstructor1_ClassInstanceCreation_CorrectResult()</Name>
              <FileRef uid="1" />
              <SequencePoints>
                <SequencePoint vc="1" uspid="8" ordinal="0" offset="0" sl="26" sc="9" el="26" ec="10" bec="0" bev="0" fileid="1" />
                <SequencePoint vc="1" uspid="9" ordinal="1" offset="1" sl="27" sc="13" el="27" ec="42" bec="0" bev="0" fileid="1" />
                <SequencePoint vc="1" uspid="10" ordinal="2" offset="7" sl="28" sc="13" el="28" ec="36" bec="0" bev="0" fileid="1" />
                <SequencePoint vc="1" uspid="11" ordinal="3" offset="9" sl="29" sc="13" el="29" ec="51" bec="0" bev="0" fileid="1" />
                <SequencePoint vc="1" uspid="12" ordinal="4" offset="16" sl="31" sc="13" el="31" ec="53" bec="0" bev="0" fileid="1" />
                <SequencePoint vc="1" uspid="13" ordinal="5" offset="29" sl="32" sc="13" el="32" ec="57" bec="0" bev="0" fileid="1" />
                <SequencePoint vc="1" uspid="14" ordinal="6" offset="43" sl="33" sc="9" el="33" ec="10" bec="0" bev="0" fileid="1" />
              </SequencePoints>
              <BranchPoints />
              <MethodPoint xsi:type="SequencePoint" vc="1" uspid="8" ordinal="0" offset="0" sl="26" sc="9" el="26" ec="10" bec="0" bev="0" fileid="1" />
            </Method>
            <Method visited="true" cyclomaticComplexity="1" nPathComplexity="0" sequenceCoverage="100" branchCoverage="100" crapScore="1" isConstructor="false" isStatic="false" isGetter="false" isSetter="false">
              <Summary numSequencePoints="7" visitedSequencePoints="7" numBranchPoints="1" visitedBranchPoints="1" sequenceCoverage="100" branchCoverage="100" maxCyclomaticComplexity="1" minCyclomaticComplexity="1" maxCrapScore="1" minCrapScore="1" visitedClasses="0" numClasses="0" visitedMethods="1" numMethods="1" />
              <MetadataToken>100663299</MetadataToken>
              <Name>System.Void lab._10.Tests.AnimalTests::ParameterizedConstructor2_ClassInstanceCreation_CorrectResult()</Name>
              <FileRef uid="1" />
              <SequencePoints>
                <SequencePoint vc="1" uspid="15" ordinal="0" offset="0" sl="37" sc="9" el="37" ec="10" bec="0" bev="0" fileid="1" />
                <SequencePoint vc="1" uspid="16" ordinal="1" offset="1" sl="38" sc="13" el="38" ec="42" bec="0" bev="0" fileid="1" />
                <SequencePoint vc="1" uspid="17" ordinal="2" offset="7" sl="39" sc="13" el="39" ec="36" bec="0" bev="0" fileid="1" />
                <SequencePoint vc="1" uspid="18" ordinal="3" offset="9" sl="40" sc="13" el="40" ec="67" bec="0" bev="0" fileid="1" />
                <SequencePoint vc="1" uspid="19" ordinal="4" offset="18" sl="42" sc="13" el="42" ec="53" bec="0" bev="0" fileid="1" />
                <SequencePoint vc="1" uspid="20" ordinal="5" offset="31" sl="43" sc="13" el="43" ec="57" bec="0" bev="0" fileid="1" />
                <SequencePoint vc="1" uspid="21" ordinal="6" offset="45" sl="44" sc="9" el="44" ec="10" bec="0" bev="0" fileid="1" />
              </SequencePoints>
              <BranchPoints />
              <MethodPoint xsi:type="SequencePoint" vc="1" uspid="15" ordinal="0" offset="0" sl="37" sc="9" el="37" ec="10" bec="0" bev="0" fileid="1" />
            </Method>
            <Method visited="true" cyclomaticComplexity="1" nPathComplexity="0" sequenceCoverage="100" branchCoverage="100" crapScore="1" isConstructor="false" isStatic="false" isGetter="false" isSetter="false">
              <Summary numSequencePoints="6" visitedSequencePoints="6" numBranchPoints="1" visitedBranchPoints="1" sequenceCoverage="100" branchCoverage="100" maxCyclomaticComplexity="1" minCyclomaticComplexity="1" maxCrapScore="1" minCrapScore="1" visitedClasses="0" numClasses="0" visitedMethods="1" numMethods="1" />
              <MetadataToken>100663300</MetadataToken>
              <Name>System.Void lab._10.Tests.AnimalTests::CompareTo_Сomparisons_CorrectResult()</Name>
              <FileRef uid="1" />
              <SequencePoints>
                <SequencePoint vc="1" uspid="22" ordinal="0" offset="0" sl="47" sc="9" el="47" ec="10" bec="0" bev="0" fileid="1" />
                <SequencePoint vc="1" uspid="23" ordinal="1" offset="1" sl="48" sc="13" el="48" ec="57" bec="0" bev="0" fileid="1" />
                <SequencePoint vc="1" uspid="24" ordinal="2" offset="3" sl="50" sc="13" el="50" ec="57" bec="0" bev="0" fileid="1" />
                <SequencePoint vc="1" uspid="25" ordinal="3" offset="23" sl="51" sc="13" el="51" ec="62" bec="0" bev="0" fileid="1" />
                <SequencePoint vc="1" uspid="26" ordinal="4" offset="43" sl="53" sc="13" el="53" ec="103" bec="0" bev="0" fileid="1" />
                <SequencePoint vc="1" uspid="27" ordinal="5" offset="57" sl="54" sc="9" el="54" ec="10" bec="0" bev="0" fileid="1" />
              </SequencePoints>
              <BranchPoints />
              <MethodPoint xsi:type="SequencePoint" vc="1" uspid="22" ordinal="0" offset="0" sl="47" sc="9" el="47" ec="10" bec="0" bev="0" fileid="1" />
            </Method>
            <Method visited="true" cyclomaticComplexity="1" nPathComplexity="0" sequenceCoverage="100" branchCoverage="100" crapScore="1" isConstructor="false" isStatic="false" isGetter="false" isSetter="false">
              <Summary numSequencePoints="6" visitedSequencePoints="6" numBranchPoints="1" visitedBranchPoints="1" sequenceCoverage="100" branchCoverage="100" maxCyclomaticComplexity="1" minCyclomaticComplexity="1" maxCrapScore="1" minCrapScore="1" visitedClasses="0" numClasses="0" visitedMethods="1" numMethods="1" />
              <MetadataToken>100663301</MetadataToken>
              <Name>System.Void lab._10.Tests.AnimalTests::ShallowCopy_FunctionCall_CorrectResult()</Name>
              <FileRef uid="1" />
              <SequencePoints>
                <SequencePoint vc="1" uspid="28" ordinal="0" offset="0" sl="58" sc="9" el="58" ec="10" bec="0" bev="0" fileid="1" />
                <SequencePoint vc="1" uspid="29" ordinal="1" offset="1" sl="59" sc="13" el="59" ec="39" bec="0" bev="0" fileid="1" />
                <SequencePoint vc="1" uspid="30" ordinal="2" offset="7" sl="60" sc="13" el="60" ec="47" bec="0" bev="0" fileid="1" />
                <SequencePoint vc="1" uspid="31" ordinal="3" offset="14" sl="62" sc="13" el="62" ec="58" bec="0" bev="0" fileid="1" />
                <SequencePoint vc="1" uspid="32" ordinal="4" offset="31" sl="63" sc="13" el="63" ec="44" bec="0" bev="0" fileid="1" />
                <SequencePoint vc="1" uspid="33" ordinal="5" offset="39" sl="64" sc="9" el="64" ec="10" bec="0" bev="0" fileid="1" />
              </SequencePoints>
              <BranchPoints />
              <MethodPoint xsi:type="SequencePoint" vc="1" uspid="28" ordinal="0" offset="0" sl="58" sc="9" el="58" ec="10" bec="0" bev="0" fileid="1" />
            </Method>
            <Method visited="true" cyclomaticComplexity="1" nPathComplexity="0" sequenceCoverage="100" branchCoverage="100" crapScore="1" isConstructor="false" isStatic="false" isGetter="false" isSetter="false">
              <Summary numSequencePoints="6" visitedSequencePoints="6" numBranchPoints="1" visitedBranchPoints="1" sequenceCoverage="100" branchCoverage="100" maxCyclomaticComplexity="1" minCyclomaticComplexity="1" maxCrapScore="1" minCrapScore="1" visitedClasses="0" numClasses="0" visitedMethods="1" numMethods="1" />
              <MetadataToken>100663302</MetadataToken>
              <Name>System.Void lab._10.Tests.AnimalTests::Clone_FunctionCall_CorrectResult()</Name>
              <FileRef uid="1" />
              <SequencePoints>
                <SequencePoint vc="1" uspid="34" ordinal="0" offset="0" sl="67" sc="9" el="67" ec="10" bec="0" bev="0" fileid="1" />
                <SequencePoint vc="1" uspid="35" ordinal="1" offset="1" sl="68" sc="13" el="68" ec="39" bec="0" bev="0" fileid="1" />
                <SequencePoint vc="1" uspid="36" ordinal="2" offset="7" sl="69" sc="13" el="69" ec="49" bec="0" bev="0" fileid="1" />
                <SequencePoint vc="1" uspid="37" ordinal="3" offset="19" sl="71" sc="13" el="71" ec="58" bec="0" bev="0" fileid="1" />
                <SequencePoint vc="1" uspid="38" ordinal="4" offset="36" sl="72" sc="13" el="72" ec="44" bec="0" bev="0" fileid="1" />
                <SequencePoint vc="1" uspid="39" ordinal="5" offset="44" sl="73" sc="9" el="73" ec="10" bec="0" bev="0" fileid="1" />
              </SequencePoints>
              <BranchPoints />
              <MethodPoint xsi:type="SequencePoint" vc="1" uspid="34" ordinal="0" offset="0" sl="67" sc="9" el="67" ec="10" bec="0" bev="0" fileid="1" />
            </Method>
            <Method visited="true" cyclomaticComplexity="5" nPathComplexity="16" sequenceCoverage="94.74" branchCoverage="66.67" crapScore="5.00" isConstructor="false" isStatic="false" isGetter="false" isSetter="false">
              <Summary numSequencePoints="19" visitedSequencePoints="18" numBranchPoints="9" visitedBranchPoints="6" sequenceCoverage="94.74" branchCoverage="66.67" maxCyclomaticComplexity="5" minCyclomaticComplexity="5" maxCrapScore="5.00" minCrapScore="5.00" visitedClasses="0" numClasses="0" visitedMethods="1" numMethods="1" />
              <MetadataToken>100663303</MetadataToken>
              <Name>System.Void lab._10.Tests.AnimalTests::RandomInit_FunctionCall_CorrectResult()</Name>
              <FileRef uid="1" />
              <SequencePoints>
                <SequencePoint vc="1" uspid="40" ordinal="0" offset="0" sl="76" sc="9" el="76" ec="10" bec="0" bev="0" fileid="1" />
                <SequencePoint vc="1" uspid="41" ordinal="1" offset="1" sl="77" sc="13" el="77" ec="114" bec="0" bev="0" fileid="1" />
                <SequencePoint vc="1" uspid="42" ordinal="2" offset="81" sl="78" sc="13" el="78" ec="50" bec="0" bev="0" fileid="1" />
                <SequencePoint vc="1" uspid="43" ordinal="3" offset="83" sl="79" sc="13" el="79" ec="53" bec="0" bev="0" fileid="1" />
                <SequencePoint vc="1" uspid="44" ordinal="4" offset="86" sl="81" sc="13" el="81" ec="39" bec="0" bev="0" fileid="1" />
                <SequencePoint vc="1" uspid="45" ordinal="5" offset="92" sl="82" sc="13" el="82" ec="30" bec="0" bev="0" fileid="1" />
                <SequencePoint vc="1" uspid="46" ordinal="6" offset="99" sl="83" sc="18" el="83" ec="27" bec="0" bev="0" fileid="1" />
                <SequencePoint vc="7" uspid="47" ordinal="7" offset="104" sl="84" sc="13" el="84" ec="14" bec="0" bev="0" fileid="1" />
                <SequencePoint vc="7" uspid="48" ordinal="8" offset="105" sl="85" sc="17" el="85" ec="50" bec="2" bev="2" fileid="1" />
                <SequencePoint vc="1" uspid="49" ordinal="9" offset="126" sl="86" sc="17" el="86" ec="18" bec="0" bev="0" fileid="1" />
                <SequencePoint vc="1" uspid="50" ordinal="10" offset="127" sl="87" sc="21" el="87" ec="65" bec="0" bev="0" fileid="1" />
                <SequencePoint vc="1" uspid="51" ordinal="11" offset="148" sl="88" sc="21" el="88" ec="27" bec="0" bev="0" fileid="1" />
                <SequencePoint vc="6" uspid="52" ordinal="12" offset="150" sl="90" sc="17" el="90" ec="51" bec="2" bev="1" fileid="1" />
                <SequencePoint vc="0" uspid="53" ordinal="13" offset="165" sl="91" sc="21" el="91" ec="65" bec="0" bev="0" fileid="1" />
                <SequencePoint vc="6" uspid="54" ordinal="14" offset="186" sl="92" sc="13" el="92" ec="14" bec="0" bev="0" fileid="1" />
                <SequencePoint vc="6" uspid="55" ordinal="15" offset="187" sl="83" sc="55" el="83" ec="58" bec="0" bev="0" fileid="1" />
                <SequencePoint vc="7" uspid="56" ordinal="16" offset="193" sl="83" sc="29" el="83" ec="53" bec="2" bev="1" fileid="1" />
                <SequencePoint vc="1" uspid="57" ordinal="17" offset="206" sl="93" sc="13" el="94" ec="75" bec="2" bev="1" fileid="1" />
                <SequencePoint vc="1" uspid="58" ordinal="18" offset="238" sl="95" sc="9" el="95" ec="10" bec="0" bev="0" fileid="1" />
              </SequencePoints>
              <BranchPoints>
                <BranchPoint vc="1" uspid="59" ordinal="0" offset="124" sl="85" path="0" offsetend="126" fileid="1" />
                <BranchPoint vc="6" uspid="60" ordinal="1" offset="124" sl="85" path="1" offsetend="150" fileid="1" />
                <BranchPoint vc="0" uspid="61" ordinal="2" offset="163" sl="90" path="0" offsetend="165" fileid="1" />
                <BranchPoint vc="6" uspid="62" ordinal="3" offset="163" sl="90" path="1" offsetend="186" fileid="1" />
                <BranchPoint vc="0" uspid="63" ordinal="4" offset="204" sl="83" path="0" offsetend="206" fileid="1" />
                <BranchPoint vc="7" uspid="64" ordinal="5" offset="204" sl="83" path="1" offsetend="104" fileid="1" />
                <BranchPoint vc="1" uspid="65" ordinal="6" offset="214" sl="93" path="0" offsetend="216" fileid="1" />
                <BranchPoint vc="0" uspid="66" ordinal="7" offset="214" sl="93" path="1" offsetend="231" fileid="1" />
              </BranchPoints>
              <MethodPoint xsi:type="SequencePoint" vc="1" uspid="40" ordinal="0" offset="0" sl="76" sc="9" el="76" ec="10" bec="0" bev="0" fileid="1" />
            </Method>
            <Method visited="false" cyclomaticComplexity="1" nPathComplexity="0" sequenceCoverage="0" branchCoverage="0" crapScore="2" isConstructor="true" isStatic="false" isGetter="false" isSetter="false">
              <Summary numSequencePoints="0" visitedSequencePoints="0" numBranchPoints="0" visitedBranchPoints="0" sequenceCoverage="0" branchCoverage="0" maxCyclomaticComplexity="1" minCyclomaticComplexity="1" maxCrapScore="2" minCrapScore="2" visitedClasses="0" numClasses="0" visitedMethods="0" numMethods="0" />
              <MetadataToken>100663304</MetadataToken>
              <Name>System.Void lab._10.Tests.AnimalTests::.ctor()</Name>
              <SequencePoints />
              <BranchPoints />
              <MethodPoint vc="0" uspid="67" ordinal="0" offset="0" />
            </Method>
          </Methods>
        </Class>
        <Class>
          <Summary numSequencePoints="70" visitedSequencePoints="66" numBranchPoints="18" visitedBranchPoints="12" sequenceCoverage="94.29" branchCoverage="66.67" maxCyclomaticComplexity="6" minCyclomaticComplexity="1" maxCrapScore="6.22" minCrapScore="1" visitedClasses="1" numClasses="1" visitedMethods="8" numMethods="8" />
          <FullName>lab._10.Tests.BirdTests</FullName>
          <Methods>
            <Method visited="true" cyclomaticComplexity="1" nPathComplexity="0" sequenceCoverage="100" branchCoverage="100" crapScore="1" isConstructor="false" isStatic="false" isGetter="false" isSetter="false">
              <Summary numSequencePoints="7" visitedSequencePoints="7" numBranchPoints="1" visitedBranchPoints="1" sequenceCoverage="100" branchCoverage="100" maxCyclomaticComplexity="1" minCyclomaticComplexity="1" maxCrapScore="1" minCrapScore="1" visitedClasses="0" numClasses="0" visitedMethods="1" numMethods="1" />
              <MetadataToken>100663305</MetadataToken>
              <Name>System.Void lab._10.Tests.BirdTests::EmptyConstructor_ClassInstanceCreation_CorrectResult()</Name>
              <FileRef uid="1" />
              <SequencePoints>
                <SequencePoint vc="1" uspid="68" ordinal="0" offset="0" sl="103" sc="9" el="103" ec="10" bec="0" bev="0" fileid="1" />
                <SequencePoint vc="1" uspid="69" ordinal="1" offset="1" sl="105" sc="13" el="105" ec="47" bec="0" bev="0" fileid="1" />
                <SequencePoint vc="1" uspid="70" ordinal="2" offset="7" sl="106" sc="13" el="106" ec="36" bec="0" bev="0" fileid="1" />
                <SequencePoint vc="1" uspid="71" ordinal="3" offset="9" sl="108" sc="13" el="108" ec="35" bec="0" bev="0" fileid="1" />
                <SequencePoint vc="1" uspid="72" ordinal="4" offset="15" sl="110" sc="13" el="110" ec="53" bec="0" bev="0" fileid="1" />
                <SequencePoint vc="1" uspid="73" ordinal="5" offset="28" sl="111" sc="13" el="111" ec="57" bec="0" bev="0" fileid="1" />
                <SequencePoint vc="1" uspid="74" ordinal="6" offset="42" sl="112" sc="9" el="112" ec="10" bec="0" bev="0" fileid="1" />
              </SequencePoints>
              <BranchPoints />
              <MethodPoint xsi:type="SequencePoint" vc="1" uspid="68" ordinal="0" offset="0" sl="103" sc="9" el="103" ec="10" bec="0" bev="0" fileid="1" />
            </Method>
            <Method visited="true" cyclomaticComplexity="1" nPathComplexity="0" sequenceCoverage="100" branchCoverage="100" crapScore="1" isConstructor="false" isStatic="false" isGetter="false" isSetter="false">
              <Summary numSequencePoints="7" visitedSequencePoints="7" numBranchPoints="1" visitedBranchPoints="1" sequenceCoverage="100" branchCoverage="100" maxCyclomaticComplexity="1" minCyclomaticComplexity="1" maxCrapScore="1" minCrapScore="1" visitedClasses="0" numClasses="0" visitedMethods="1" numMethods="1" />
              <MetadataToken>100663306</MetadataToken>
              <Name>System.Void lab._10.Tests.BirdTests::ParameterizedConstructor1_ClassInstanceCreation_CorrectResult()</Name>
              <FileRef uid="1" />
              <SequencePoints>
                <SequencePoint vc="1" uspid="75" ordinal="0" offset="0" sl="116" sc="9" el="116" ec="10" bec="0" bev="0" fileid="1" />
                <SequencePoint vc="1" uspid="76" ordinal="1" offset="1" sl="117" sc="13" el="117" ec="42" bec="0" bev="0" fileid="1" />
                <SequencePoint vc="1" uspid="77" ordinal="2" offset="7" sl="118" sc="13" el="118" ec="36" bec="0" bev="0" fileid="1" />
                <SequencePoint vc="1" uspid="78" ordinal="3" offset="9" sl="119" sc="13" el="119" ec="47" bec="0" bev="0" fileid="1" />
                <SequencePoint vc="1" uspid="79" ordinal="4" offset="16" sl="121" sc="13" el="121" ec="53" bec="0" bev="0" fileid="1" />
                <SequencePoint vc="1" uspid="80" ordinal="5" offset="29" sl="122" sc="13" el="122" ec="57" bec="0" bev="0" fileid="1" />
                <SequencePoint vc="1" uspid="81" ordinal="6" offset="43" sl="123" sc="9" el="123" ec="10" bec="0" bev="0" fileid="1" />
              </SequencePoints>
              <BranchPoints />
              <MethodPoint xsi:type="SequencePoint" vc="1" uspid="75" ordinal="0" offset="0" sl="116" sc="9" el="116" ec="10" bec="0" bev="0" fileid="1" />
            </Method>
            <Method visited="true" cyclomaticComplexity="1" nPathComplexity="0" sequenceCoverage="100" branchCoverage="100" crapScore="1" isConstructor="false" isStatic="false" isGetter="false" isSetter="false">
              <Summary numSequencePoints="7" visitedSequencePoints="7" numBranchPoints="1" visitedBranchPoints="1" sequenceCoverage="100" branchCoverage="100" maxCyclomaticComplexity="1" minCyclomaticComplexity="1" maxCrapScore="1" minCrapScore="1" visitedClasses="0" numClasses="0" visitedMethods="1" numMethods="1" />
              <MetadataToken>100663307</MetadataToken>
              <Name>System.Void lab._10.Tests.BirdTests::ParameterizedConstructor2_ClassInstanceCreation_CorrectResult()</Name>
              <FileRef uid="1" />
              <SequencePoints>
                <SequencePoint vc="1" uspid="82" ordinal="0" offset="0" sl="127" sc="9" el="127" ec="10" bec="0" bev="0" fileid="1" />
                <SequencePoint vc="1" uspid="83" ordinal="1" offset="1" sl="128" sc="13" el="128" ec="42" bec="0" bev="0" fileid="1" />
                <SequencePoint vc="1" uspid="84" ordinal="2" offset="7" sl="129" sc="13" el="129" ec="36" bec="0" bev="0" fileid="1" />
                <SequencePoint vc="1" uspid="85" ordinal="3" offset="9" sl="130" sc="13" el="130" ec="63" bec="0" bev="0" fileid="1" />
                <SequencePoint vc="1" uspid="86" ordinal="4" offset="18" sl="132" sc="13" el="132" ec="53" bec="0" bev="0" fileid="1" />
                <SequencePoint vc="1" uspid="87" ordinal="5" offset="31" sl="133" sc="13" el="133" ec="57" bec="0" bev="0" fileid="1" />
                <SequencePoint vc="1" uspid="88" ordinal="6" offset="45" sl="134" sc="9" el="134" ec="10" bec="0" bev="0" fileid="1" />
              </SequencePoints>
              <BranchPoints />
              <MethodPoint xsi:type="SequencePoint" vc="1" uspid="82" ordinal="0" offset="0" sl="127" sc="9" el="127" ec="10" bec="0" bev="0" fileid="1" />
            </Method>
            <Method visited="true" cyclomaticComplexity="1" nPathComplexity="0" sequenceCoverage="100" branchCoverage="100" crapScore="1" isConstructor="false" isStatic="false" isGetter="false" isSetter="false">
              <Summary numSequencePoints="9" visitedSequencePoints="9" numBranchPoints="1" visitedBranchPoints="1" sequenceCoverage="100" branchCoverage="100" maxCyclomaticComplexity="1" minCyclomaticComplexity="1" maxCrapScore="1" minCrapScore="1" visitedClasses="0" numClasses="0" visitedMethods="1" numMethods="1" />
              <MetadataToken>100663308</MetadataToken>
              <Name>System.Void lab._10.Tests.BirdTests::ParameterizedConstructor3_ClassInstanceCreation_CorrectResult()</Name>
              <FileRef uid="1" />
              <SequencePoints>
                <SequencePoint vc="1" uspid="89" ordinal="0" offset="0" sl="137" sc="9" el="137" ec="10" bec="0" bev="0" fileid="1" />
                <SequencePoint vc="1" uspid="90" ordinal="1" offset="1" sl="138" sc="13" el="138" ec="42" bec="0" bev="0" fileid="1" />
                <SequencePoint vc="1" uspid="91" ordinal="2" offset="7" sl="139" sc="13" el="139" ec="36" bec="0" bev="0" fileid="1" />
                <SequencePoint vc="1" uspid="92" ordinal="3" offset="9" sl="140" sc="13" el="140" ec="38" bec="0" bev="0" fileid="1" />
                <SequencePoint vc="1" uspid="93" ordinal="4" offset="11" sl="141" sc="13" el="141" ec="81" bec="0" bev="0" fileid="1" />
                <SequencePoint vc="1" uspid="94" ordinal="5" offset="22" sl="143" sc="13" el="143" ec="53" bec="0" bev="0" fileid="1" />
                <SequencePoint vc="1" uspid="95" ordinal="6" offset="35" sl="144" sc="13" el="144" ec="57" bec="0" bev="0" fileid="1" />
                <SequencePoint vc="1" uspid="96" ordinal="7" offset="49" sl="145" sc="13" el="145" ec="61" bec="0" bev="0" fileid="1" />
                <SequencePoint vc="1" uspid="97" ordinal="8" offset="63" sl="146" sc="9" el="146" ec="10" bec="0" bev="0" fileid="1" />
              </SequencePoints>
              <BranchPoints />
              <MethodPoint xsi:type="SequencePoint" vc="1" uspid="89" ordinal="0" offset="0" sl="137" sc="9" el="137" ec="10" bec="0" bev="0" fileid="1" />
            </Method>
            <Method visited="true" cyclomaticComplexity="1" nPathComplexity="0" sequenceCoverage="100" branchCoverage="100" crapScore="1" isConstructor="false" isStatic="false" isGetter="false" isSetter="false">
              <Summary numSequencePoints="6" visitedSequencePoints="6" numBranchPoints="1" visitedBranchPoints="1" sequenceCoverage="100" branchCoverage="100" maxCyclomaticComplexity="1" minCyclomaticComplexity="1" maxCrapScore="1" minCrapScore="1" visitedClasses="0" numClasses="0" visitedMethods="1" numMethods="1" />
              <MetadataToken>100663309</MetadataToken>
              <Name>System.Void lab._10.Tests.BirdTests::CompareTo_Сomparisons_CorrectResult()</Name>
              <FileRef uid="1" />
              <SequencePoints>
                <SequencePoint vc="1" uspid="98" ordinal="0" offset="0" sl="149" sc="9" el="149" ec="10" bec="0" bev="0" fileid="1" />
                <SequencePoint vc="1" uspid="99" ordinal="1" offset="1" sl="150" sc="13" el="150" ec="57" bec="0" bev="0" fileid="1" />
                <SequencePoint vc="1" uspid="100" ordinal="2" offset="3" sl="152" sc="13" el="152" ec="53" bec="0" bev="0" fileid="1" />
                <SequencePoint vc="1" uspid="101" ordinal="3" offset="23" sl="153" sc="13" el="153" ec="58" bec="0" bev="0" fileid="1" />
                <SequencePoint vc="1" uspid="102" ordinal="4" offset="43" sl="155" sc="13" el="155" ec="103" bec="0" bev="0" fileid="1" />
                <SequencePoint vc="1" uspid="103" ordinal="5" offset="57" sl="156" sc="9" el="156" ec="10" bec="0" bev="0" fileid="1" />
              </SequencePoints>
              <BranchPoints />
              <MethodPoint xsi:type="SequencePoint" vc="1" uspid="98" ordinal="0" offset="0" sl="149" sc="9" el="149" ec="10" bec="0" bev="0" fileid="1" />
            </Method>
            <Method visited="true" cyclomaticComplexity="1" nPathComplexity="0" sequenceCoverage="100" branchCoverage="100" crapScore="1" isConstructor="false" isStatic="false" isGetter="false" isSetter="false">
              <Summary numSequencePoints="6" visitedSequencePoints="6" numBranchPoints="1" visitedBranchPoints="1" sequenceCoverage="100" branchCoverage="100" maxCyclomaticComplexity="1" minCyclomaticComplexity="1" maxCrapScore="1" minCrapScore="1" visitedClasses="0" numClasses="0" visitedMethods="1" numMethods="1" />
              <MetadataToken>100663310</MetadataToken>
              <Name>System.Void lab._10.Tests.BirdTests::ShallowCopy_FunctionCall_CorrectResult()</Name>
              <FileRef uid="1" />
              <SequencePoints>
                <SequencePoint vc="1" uspid="104" ordinal="0" offset="0" sl="160" sc="9" el="160" ec="10" bec="0" bev="0" fileid="1" />
                <SequencePoint vc="1" uspid="105" ordinal="1" offset="1" sl="161" sc="13" el="161" ec="35" bec="0" bev="0" fileid="1" />
                <SequencePoint vc="1" uspid="106" ordinal="2" offset="7" sl="162" sc="13" el="162" ec="45" bec="0" bev="0" fileid="1" />
                <SequencePoint vc="1" uspid="107" ordinal="3" offset="14" sl="164" sc="13" el="164" ec="56" bec="0" bev="0" fileid="1" />
                <SequencePoint vc="1" uspid="108" ordinal="4" offset="31" sl="165" sc="13" el="165" ec="44" bec="0" bev="0" fileid="1" />
                <SequencePoint vc="1" uspid="109" ordinal="5" offset="39" sl="166" sc="9" el="166" ec="10" bec="0" bev="0" fileid="1" />
              </SequencePoints>
              <BranchPoints />
              <MethodPoint xsi:type="SequencePoint" vc="1" uspid="104" ordinal="0" offset="0" sl="160" sc="9" el="160" ec="10" bec="0" bev="0" fileid="1" />
            </Method>
            <Method visited="true" cyclomaticComplexity="1" nPathComplexity="0" sequenceCoverage="100" branchCoverage="100" crapScore="1" isConstructor="false" isStatic="false" isGetter="false" isSetter="false">
              <Summary numSequencePoints="6" visitedSequencePoints="6" numBranchPoints="1" visitedBranchPoints="1" sequenceCoverage="100" branchCoverage="100" maxCyclomaticComplexity="1" minCyclomaticComplexity="1" maxCrapScore="1" minCrapScore="1" visitedClasses="0" numClasses="0" visitedMethods="1" numMethods="1" />
              <MetadataToken>100663311</MetadataToken>
              <Name>System.Void lab._10.Tests.BirdTests::Clone_FunctionCall_CorrectResult()</Name>
              <FileRef uid="1" />
              <SequencePoints>
                <SequencePoint vc="1" uspid="110" ordinal="0" offset="0" sl="169" sc="9" el="169" ec="10" bec="0" bev="0" fileid="1" />
                <SequencePoint vc="1" uspid="111" ordinal="1" offset="1" sl="170" sc="13" el="170" ec="35" bec="0" bev="0" fileid="1" />
                <SequencePoint vc="1" uspid="112" ordinal="2" offset="7" sl="171" sc="13" el="171" ec="45" bec="0" bev="0" fileid="1" />
                <SequencePoint vc="1" uspid="113" ordinal="3" offset="19" sl="173" sc="13" el="173" ec="56" bec="0" bev="0" fileid="1" />
                <SequencePoint vc="1" uspid="114" ordinal="4" offset="36" sl="174" sc="13" el="174" ec="44" bec="0" bev="0" fileid="1" />
                <SequencePoint vc="1" uspid="115" ordinal="5" offset="44" sl="175" sc="9" el="175" ec="10" bec="0" bev="0" fileid="1" />
              </SequencePoints>
              <BranchPoints />
              <MethodPoint xsi:type="SequencePoint" vc="1" uspid="110" ordinal="0" offset="0" sl="169" sc="9" el="169" ec="10" bec="0" bev="0" fileid="1" />
            </Method>
            <Method visited="true" cyclomaticComplexity="6" nPathComplexity="32" sequenceCoverage="81.82" branchCoverage="45.45" crapScore="6.22" isConstructor="false" isStatic="false" isGetter="false" isSetter="false">
              <Summary numSequencePoints="22" visitedSequencePoints="18" numBranchPoints="11" visitedBranchPoints="5" sequenceCoverage="81.82" branchCoverage="45.45" maxCyclomaticComplexity="6" minCyclomaticComplexity="6" maxCrapScore="6.22" minCrapScore="6.22" visitedClasses="0" numClasses="0" visitedMethods="1" numMethods="1" />
              <MetadataToken>100663312</MetadataToken>
              <Name>System.Void lab._10.Tests.BirdTests::RandomInit_FunctionCall_CorrectResult()</Name>
              <FileRef uid="1" />
              <SequencePoints>
                <SequencePoint vc="1" uspid="116" ordinal="0" offset="0" sl="178" sc="9" el="178" ec="10" bec="0" bev="0" fileid="1" />
                <SequencePoint vc="1" uspid="117" ordinal="1" offset="1" sl="179" sc="13" el="179" ec="114" bec="0" bev="0" fileid="1" />
                <SequencePoint vc="1" uspid="118" ordinal="2" offset="81" sl="181" sc="13" el="181" ec="50" bec="0" bev="0" fileid="1" />
                <SequencePoint vc="1" uspid="119" ordinal="3" offset="83" sl="182" sc="13" el="182" ec="52" bec="0" bev="0" fileid="1" />
                <SequencePoint vc="1" uspid="120" ordinal="4" offset="86" sl="183" sc="13" el="183" ec="54" bec="0" bev="0" fileid="1" />
                <SequencePoint vc="1" uspid="121" ordinal="5" offset="88" sl="184" sc="13" el="184" ec="57" bec="0" bev="0" fileid="1" />
                <SequencePoint vc="1" uspid="122" ordinal="6" offset="92" sl="186" sc="13" el="186" ec="35" bec="0" bev="0" fileid="1" />
                <SequencePoint vc="1" uspid="123" ordinal="7" offset="99" sl="187" sc="13" el="187" ec="30" bec="0" bev="0" fileid="1" />
                <SequencePoint vc="1" uspid="124" ordinal="8" offset="107" sl="188" sc="18" el="188" ec="27" bec="0" bev="0" fileid="1" />
                <SequencePoint vc="1" uspid="125" ordinal="9" offset="112" sl="189" sc="13" el="189" ec="14" bec="0" bev="0" fileid="1" />
                <SequencePoint vc="1" uspid="126" ordinal="10" offset="113" sl="190" sc="17" el="190" ec="50" bec="2" bev="1" fileid="1" />
                <SequencePoint vc="1" uspid="127" ordinal="11" offset="135" sl="191" sc="17" el="191" ec="18" bec="0" bev="0" fileid="1" />
                <SequencePoint vc="1" uspid="128" ordinal="12" offset="136" sl="192" sc="21" el="192" ec="65" bec="0" bev="0" fileid="1" />
                <SequencePoint vc="1" uspid="129" ordinal="13" offset="158" sl="193" sc="21" el="193" ec="27" bec="0" bev="0" fileid="1" />
                <SequencePoint vc="0" uspid="130" ordinal="14" offset="160" sl="195" sc="17" el="195" ec="51" bec="2" bev="0" fileid="1" />
                <SequencePoint vc="0" uspid="131" ordinal="15" offset="175" sl="196" sc="21" el="196" ec="65" bec="0" bev="0" fileid="1" />
                <SequencePoint vc="0" uspid="132" ordinal="16" offset="197" sl="197" sc="13" el="197" ec="14" bec="0" bev="0" fileid="1" />
                <SequencePoint vc="0" uspid="133" ordinal="17" offset="198" sl="188" sc="55" el="188" ec="58" bec="0" bev="0" fileid="1" />
                <SequencePoint vc="1" uspid="134" ordinal="18" offset="204" sl="188" sc="29" el="188" ec="53" bec="2" bev="1" fileid="1" />
                <SequencePoint vc="1" uspid="135" ordinal="19" offset="217" sl="198" sc="13" el="199" ec="75" bec="2" bev="1" fileid="1" />
                <SequencePoint vc="1" uspid="136" ordinal="20" offset="251" sl="200" sc="13" el="201" ec="81" bec="2" bev="1" fileid="1" />
                <SequencePoint vc="1" uspid="137" ordinal="21" offset="286" sl="202" sc="9" el="202" ec="10" bec="0" bev="0" fileid="1" />
              </SequencePoints>
              <BranchPoints>
                <BranchPoint vc="1" uspid="138" ordinal="0" offset="133" sl="190" path="0" offsetend="135" fileid="1" />
                <BranchPoint vc="0" uspid="139" ordinal="1" offset="133" sl="190" path="1" offsetend="160" fileid="1" />
                <BranchPoint vc="0" uspid="140" ordinal="2" offset="173" sl="195" path="0" offsetend="175" fileid="1" />
                <BranchPoint vc="0" uspid="141" ordinal="3" offset="173" sl="195" path="1" offsetend="197" fileid="1" />
                <BranchPoint vc="0" uspid="142" ordinal="4" offset="215" sl="188" path="0" offsetend="217" fileid="1" />
                <BranchPoint vc="1" uspid="143" ordinal="5" offset="215" sl="188" path="1" offsetend="112" fileid="1" />
                <BranchPoint vc="1" uspid="144" ordinal="6" offset="226" sl="198" path="0" offsetend="228" fileid="1" />
                <BranchPoint vc="0" uspid="145" ordinal="7" offset="226" sl="198" path="1" offsetend="244" fileid="1" />
                <BranchPoint vc="1" uspid="146" ordinal="8" offset="260" sl="200" path="0" offsetend="262" fileid="1" />
                <BranchPoint vc="0" uspid="147" ordinal="9" offset="260" sl="200" path="1" offsetend="279" fileid="1" />
              </BranchPoints>
              <MethodPoint xsi:type="SequencePoint" vc="1" uspid="116" ordinal="0" offset="0" sl="178" sc="9" el="178" ec="10" bec="0" bev="0" fileid="1" />
            </Method>
            <Method visited="false" cyclomaticComplexity="1" nPathComplexity="0" sequenceCoverage="0" branchCoverage="0" crapScore="2" isConstructor="true" isStatic="false" isGetter="false" isSetter="false">
              <Summary numSequencePoints="0" visitedSequencePoints="0" numBranchPoints="0" visitedBranchPoints="0" sequenceCoverage="0" branchCoverage="0" maxCyclomaticComplexity="1" minCyclomaticComplexity="1" maxCrapScore="2" minCrapScore="2" visitedClasses="0" numClasses="0" visitedMethods="0" numMethods="0" />
              <MetadataToken>100663313</MetadataToken>
              <Name>System.Void lab._10.Tests.BirdTests::.ctor()</Name>
              <SequencePoints />
              <BranchPoints />
              <MethodPoint vc="0" uspid="148" ordinal="0" offset="0" />
            </Method>
          </Methods>
        </Class>
        <Class>
          <Summary numSequencePoints="70" visitedSequencePoints="69" numBranchPoints="18" visitedBranchPoints="14" sequenceCoverage="98.57" branchCoverage="77.78" maxCyclomaticComplexity="6" minCyclomaticComplexity="1" maxCrapScore="6.00" minCrapScore="1" visitedClasses="1" numClasses="1" visitedMethods="8" numMethods="8" />
          <FullName>lab._10.Tests.MammalTests</FullName>
          <Methods>
            <Method visited="true" cyclomaticComplexity="1" nPathComplexity="0" sequenceCoverage="100" branchCoverage="100" crapScore="1" isConstructor="false" isStatic="false" isGetter="false" isSetter="false">
              <Summary numSequencePoints="7" visitedSequencePoints="7" numBranchPoints="1" visitedBranchPoints="1" sequenceCoverage="100" branchCoverage="100" maxCyclomaticComplexity="1" minCyclomaticComplexity="1" maxCrapScore="1" minCrapScore="1" visitedClasses="0" numClasses="0" visitedMethods="1" numMethods="1" />
              <MetadataToken>100663314</MetadataToken>
              <Name>System.Void lab._10.Tests.MammalTests::EmptyConstructor_ClassInstanceCreation_CorrectResult()</Name>
              <FileRef uid="1" />
              <SequencePoints>
                <SequencePoint vc="1" uspid="149" ordinal="0" offset="0" sl="210" sc="9" el="210" ec="10" bec="0" bev="0" fileid="1" />
                <SequencePoint vc="1" uspid="150" ordinal="1" offset="1" sl="212" sc="13" el="212" ec="47" bec="0" bev="0" fileid="1" />
                <SequencePoint vc="1" uspid="151" ordinal="2" offset="7" sl="213" sc="13" el="213" ec="36" bec="0" bev="0" fileid="1" />
                <SequencePoint vc="1" uspid="152" ordinal="3" offset="9" sl="215" sc="13" el="215" ec="39" bec="0" bev="0" fileid="1" />
                <SequencePoint vc="1" uspid="153" ordinal="4" offset="15" sl="217" sc="13" el="217" ec="53" bec="0" bev="0" fileid="1" />
                <SequencePoint vc="1" uspid="154" ordinal="5" offset="28" sl="218" sc="13" el="218" ec="57" bec="0" bev="0" fileid="1" />
                <SequencePoint vc="1" uspid="155" ordinal="6" offset="42" sl="219" sc="9" el="219" ec="10" bec="0" bev="0" fileid="1" />
              </SequencePoints>
              <BranchPoints />
              <MethodPoint xsi:type="SequencePoint" vc="1" uspid="149" ordinal="0" offset="0" sl="210" sc="9" el="210" ec="10" bec="0" bev="0" fileid="1" />
            </Method>
            <Method visited="true" cyclomaticComplexity="1" nPathComplexity="0" sequenceCoverage="100" branchCoverage="100" crapScore="1" isConstructor="false" isStatic="false" isGetter="false" isSetter="false">
              <Summary numSequencePoints="7" visitedSequencePoints="7" numBranchPoints="1" visitedBranchPoints="1" sequenceCoverage="100" branchCoverage="100" maxCyclomaticComplexity="1" minCyclomaticComplexity="1" maxCrapScore="1" minCrapScore="1" visitedClasses="0" numClasses="0" visitedMethods="1" numMethods="1" />
              <MetadataToken>100663315</MetadataToken>
              <Name>System.Void lab._10.Tests.MammalTests::ParameterizedConstructor1_ClassInstanceCreation_CorrectResult()</Name>
              <FileRef uid="1" />
              <SequencePoints>
                <SequencePoint vc="1" uspid="156" ordinal="0" offset="0" sl="223" sc="9" el="223" ec="10" bec="0" bev="0" fileid="1" />
                <SequencePoint vc="1" uspid="157" ordinal="1" offset="1" sl="224" sc="13" el="224" ec="42" bec="0" bev="0" fileid="1" />
                <SequencePoint vc="1" uspid="158" ordinal="2" offset="7" sl="225" sc="13" el="225" ec="36" bec="0" bev="0" fileid="1" />
                <SequencePoint vc="1" uspid="159" ordinal="3" offset="9" sl="226" sc="13" el="226" ec="51" bec="0" bev="0" fileid="1" />
                <SequencePoint vc="1" uspid="160" ordinal="4" offset="16" sl="228" sc="13" el="228" ec="53" bec="0" bev="0" fileid="1" />
                <SequencePoint vc="1" uspid="161" ordinal="5" offset="29" sl="229" sc="13" el="229" ec="57" bec="0" bev="0" fileid="1" />
                <SequencePoint vc="1" uspid="162" ordinal="6" offset="43" sl="230" sc="9" el="230" ec="10" bec="0" bev="0" fileid="1" />
              </SequencePoints>
              <BranchPoints />
              <MethodPoint xsi:type="SequencePoint" vc="1" uspid="156" ordinal="0" offset="0" sl="223" sc="9" el="223" ec="10" bec="0" bev="0" fileid="1" />
            </Method>
            <Method visited="true" cyclomaticComplexity="1" nPathComplexity="0" sequenceCoverage="100" branchCoverage="100" crapScore="1" isConstructor="false" isStatic="false" isGetter="false" isSetter="false">
              <Summary numSequencePoints="7" visitedSequencePoints="7" numBranchPoints="1" visitedBranchPoints="1" sequenceCoverage="100" branchCoverage="100" maxCyclomaticComplexity="1" minCyclomaticComplexity="1" maxCrapScore="1" minCrapScore="1" visitedClasses="0" numClasses="0" visitedMethods="1" numMethods="1" />
              <MetadataToken>100663316</MetadataToken>
              <Name>System.Void lab._10.Tests.MammalTests::ParameterizedConstructor2_ClassInstanceCreation_CorrectResult()</Name>
              <FileRef uid="1" />
              <SequencePoints>
                <SequencePoint vc="1" uspid="163" ordinal="0" offset="0" sl="234" sc="9" el="234" ec="10" bec="0" bev="0" fileid="1" />
                <SequencePoint vc="1" uspid="164" ordinal="1" offset="1" sl="235" sc="13" el="235" ec="42" bec="0" bev="0" fileid="1" />
                <SequencePoint vc="1" uspid="165" ordinal="2" offset="7" sl="236" sc="13" el="236" ec="36" bec="0" bev="0" fileid="1" />
                <SequencePoint vc="1" uspid="166" ordinal="3" offset="9" sl="237" sc="13" el="237" ec="67" bec="0" bev="0" fileid="1" />
                <SequencePoint vc="1" uspid="167" ordinal="4" offset="18" sl="239" sc="13" el="239" ec="53" bec="0" bev="0" fileid="1" />
                <SequencePoint vc="1" uspid="168" ordinal="5" offset="31" sl="240" sc="13" el="240" ec="57" bec="0" bev="0" fileid="1" />
                <SequencePoint vc="1" uspid="169" ordinal="6" offset="45" sl="241" sc="9" el="241" ec="10" bec="0" bev="0" fileid="1" />
              </SequencePoints>
              <BranchPoints />
              <MethodPoint xsi:type="SequencePoint" vc="1" uspid="163" ordinal="0" offset="0" sl="234" sc="9" el="234" ec="10" bec="0" bev="0" fileid="1" />
            </Method>
            <Method visited="true" cyclomaticComplexity="1" nPathComplexity="0" sequenceCoverage="100" branchCoverage="100" crapScore="1" isConstructor="false" isStatic="false" isGetter="false" isSetter="false">
              <Summary numSequencePoints="9" visitedSequencePoints="9" numBranchPoints="1" visitedBranchPoints="1" sequenceCoverage="100" branchCoverage="100" maxCyclomaticComplexity="1" minCyclomaticComplexity="1" maxCrapScore="1" minCrapScore="1" visitedClasses="0" numClasses="0" visitedMethods="1" numMethods="1" />
              <MetadataToken>100663317</MetadataToken>
              <Name>System.Void lab._10.Tests.MammalTests::ParameterizedConstructor3_ClassInstanceCreation_CorrectResult()</Name>
              <FileRef uid="1" />
              <SequencePoints>
                <SequencePoint vc="1" uspid="170" ordinal="0" offset="0" sl="244" sc="9" el="244" ec="10" bec="0" bev="0" fileid="1" />
                <SequencePoint vc="1" uspid="171" ordinal="1" offset="1" sl="245" sc="13" el="245" ec="42" bec="0" bev="0" fileid="1" />
                <SequencePoint vc="1" uspid="172" ordinal="2" offset="7" sl="246" sc="13" el="246" ec="36" bec="0" bev="0" fileid="1" />
                <SequencePoint vc="1" uspid="173" ordinal="3" offset="9" sl="247" sc="13" el="247" ec="40" bec="0" bev="0" fileid="1" />
                <SequencePoint vc="1" uspid="174" ordinal="4" offset="11" sl="248" sc="13" el="248" ec="87" bec="0" bev="0" fileid="1" />
                <SequencePoint vc="1" uspid="175" ordinal="5" offset="22" sl="250" sc="13" el="250" ec="53" bec="0" bev="0" fileid="1" />
                <SequencePoint vc="1" uspid="176" ordinal="6" offset="35" sl="251" sc="13" el="251" ec="57" bec="0" bev="0" fileid="1" />
                <SequencePoint vc="1" uspid="177" ordinal="7" offset="49" sl="252" sc="13" el="252" ec="65" bec="0" bev="0" fileid="1" />
                <SequencePoint vc="1" uspid="178" ordinal="8" offset="63" sl="253" sc="9" el="253" ec="10" bec="0" bev="0" fileid="1" />
              </SequencePoints>
              <BranchPoints />
              <MethodPoint xsi:type="SequencePoint" vc="1" uspid="170" ordinal="0" offset="0" sl="244" sc="9" el="244" ec="10" bec="0" bev="0" fileid="1" />
            </Method>
            <Method visited="true" cyclomaticComplexity="1" nPathComplexity="0" sequenceCoverage="100" branchCoverage="100" crapScore="1" isConstructor="false" isStatic="false" isGetter="false" isSetter="false">
              <Summary numSequencePoints="6" visitedSequencePoints="6" numBranchPoints="1" visitedBranchPoints="1" sequenceCoverage="100" branchCoverage="100" maxCyclomaticComplexity="1" minCyclomaticComplexity="1" maxCrapScore="1" minCrapScore="1" visitedClasses="0" numClasses="0" visitedMethods="1" numMethods="1" />
              <MetadataToken>100663318</MetadataToken>
              <Name>System.Void lab._10.Tests.MammalTests::CompareTo_Сomparisons_CorrectResult()</Name>
              <FileRef uid="1" />
              <SequencePoints>
                <SequencePoint vc="1" uspid="179" ordinal="0" offset="0" sl="256" sc="9" el="256" ec="10" bec="0" bev="0" fileid="1" />
                <SequencePoint vc="1" uspid="180" ordinal="1" offset="1" sl="257" sc="13" el="257" ec="57" bec="0" bev="0" fileid="1" />
                <SequencePoint vc="1" uspid="181" ordinal="2" offset="3" sl="259" sc="13" el="259" ec="57" bec="0" bev="0" fileid="1" />
                <SequencePoint vc="1" uspid="182" ordinal="3" offset="23" sl="260" sc="13" el="260" ec="62" bec="0" bev="0" fileid="1" />
                <SequencePoint vc="1" uspid="183" ordinal="4" offset="43" sl="262" sc="13" el="262" ec="103" bec="0" bev="0" fileid="1" />
                <SequencePoint vc="1" uspid="184" ordinal="5" offset="57" sl="263" sc="9" el="263" ec="10" bec="0" bev="0" fileid="1" />
              </SequencePoints>
              <BranchPoints />
              <MethodPoint xsi:type="SequencePoint" vc="1" uspid="179" ordinal="0" offset="0" sl="256" sc="9" el="256" ec="10" bec="0" bev="0" fileid="1" />
            </Method>
            <Method visited="true" cyclomaticComplexity="1" nPathComplexity="0" sequenceCoverage="100" branchCoverage="100" crapScore="1" isConstructor="false" isStatic="false" isGetter="false" isSetter="false">
              <Summary numSequencePoints="6" visitedSequencePoints="6" numBranchPoints="1" visitedBranchPoints="1" sequenceCoverage="100" branchCoverage="100" maxCyclomaticComplexity="1" minCyclomaticComplexity="1" maxCrapScore="1" minCrapScore="1" visitedClasses="0" numClasses="0" visitedMethods="1" numMethods="1" />
              <MetadataToken>100663319</MetadataToken>
              <Name>System.Void lab._10.Tests.MammalTests::ShallowCopy_FunctionCall_CorrectResult()</Name>
              <FileRef uid="1" />
              <SequencePoints>
                <SequencePoint vc="1" uspid="185" ordinal="0" offset="0" sl="267" sc="9" el="267" ec="10" bec="0" bev="0" fileid="1" />
                <SequencePoint vc="1" uspid="186" ordinal="1" offset="1" sl="268" sc="13" el="268" ec="39" bec="0" bev="0" fileid="1" />
                <SequencePoint vc="1" uspid="187" ordinal="2" offset="7" sl="269" sc="13" el="269" ec="47" bec="0" bev="0" fileid="1" />
                <SequencePoint vc="1" uspid="188" ordinal="3" offset="14" sl="271" sc="13" el="271" ec="58" bec="0" bev="0" fileid="1" />
                <SequencePoint vc="1" uspid="189" ordinal="4" offset="31" sl="272" sc="13" el="272" ec="44" bec="0" bev="0" fileid="1" />
                <SequencePoint vc="1" uspid="190" ordinal="5" offset="39" sl="273" sc="9" el="273" ec="10" bec="0" bev="0" fileid="1" />
              </SequencePoints>
              <BranchPoints />
              <MethodPoint xsi:type="SequencePoint" vc="1" uspid="185" ordinal="0" offset="0" sl="267" sc="9" el="267" ec="10" bec="0" bev="0" fileid="1" />
            </Method>
            <Method visited="true" cyclomaticComplexity="1" nPathComplexity="0" sequenceCoverage="100" branchCoverage="100" crapScore="1" isConstructor="false" isStatic="false" isGetter="false" isSetter="false">
              <Summary numSequencePoints="6" visitedSequencePoints="6" numBranchPoints="1" visitedBranchPoints="1" sequenceCoverage="100" branchCoverage="100" maxCyclomaticComplexity="1" minCyclomaticComplexity="1" maxCrapScore="1" minCrapScore="1" visitedClasses="0" numClasses="0" visitedMethods="1" numMethods="1" />
              <MetadataToken>100663320</MetadataToken>
              <Name>System.Void lab._10.Tests.MammalTests::Clone_FunctionCall_CorrectResult()</Name>
              <FileRef uid="1" />
              <SequencePoints>
                <SequencePoint vc="1" uspid="191" ordinal="0" offset="0" sl="276" sc="9" el="276" ec="10" bec="0" bev="0" fileid="1" />
                <SequencePoint vc="1" uspid="192" ordinal="1" offset="1" sl="277" sc="13" el="277" ec="39" bec="0" bev="0" fileid="1" />
                <SequencePoint vc="1" uspid="193" ordinal="2" offset="7" sl="278" sc="13" el="278" ec="49" bec="0" bev="0" fileid="1" />
                <SequencePoint vc="1" uspid="194" ordinal="3" offset="19" sl="280" sc="13" el="280" ec="58" bec="0" bev="0" fileid="1" />
                <SequencePoint vc="1" uspid="195" ordinal="4" offset="36" sl="281" sc="13" el="281" ec="44" bec="0" bev="0" fileid="1" />
                <SequencePoint vc="1" uspid="196" ordinal="5" offset="44" sl="282" sc="9" el="282" ec="10" bec="0" bev="0" fileid="1" />
              </SequencePoints>
              <BranchPoints />
              <MethodPoint xsi:type="SequencePoint" vc="1" uspid="191" ordinal="0" offset="0" sl="276" sc="9" el="276" ec="10" bec="0" bev="0" fileid="1" />
            </Method>
            <Method visited="true" cyclomaticComplexity="6" nPathComplexity="32" sequenceCoverage="95.45" branchCoverage="63.64" crapScore="6.00" isConstructor="false" isStatic="false" isGetter="false" isSetter="false">
              <Summary numSequencePoints="22" visitedSequencePoints="21" numBranchPoints="11" visitedBranchPoints="7" sequenceCoverage="95.45" branchCoverage="63.64" maxCyclomaticComplexity="6" minCyclomaticComplexity="6" maxCrapScore="6.00" minCrapScore="6.00" visitedClasses="0" numClasses="0" visitedMethods="1" numMethods="1" />
              <MetadataToken>100663321</MetadataToken>
              <Name>System.Void lab._10.Tests.MammalTests::RandomInit_FunctionCall_CorrectResult()</Name>
              <FileRef uid="1" />
              <SequencePoints>
                <SequencePoint vc="1" uspid="197" ordinal="0" offset="0" sl="285" sc="9" el="285" ec="10" bec="0" bev="0" fileid="1" />
                <SequencePoint vc="1" uspid="198" ordinal="1" offset="1" sl="286" sc="13" el="286" ec="114" bec="0" bev="0" fileid="1" />
                <SequencePoint vc="1" uspid="199" ordinal="2" offset="81" sl="288" sc="13" el="288" ec="50" bec="0" bev="0" fileid="1" />
                <SequencePoint vc="1" uspid="200" ordinal="3" offset="83" sl="289" sc="13" el="289" ec="53" bec="0" bev="0" fileid="1" />
                <SequencePoint vc="1" uspid="201" ordinal="4" offset="86" sl="290" sc="13" el="290" ec="54" bec="0" bev="0" fileid="1" />
                <SequencePoint vc="1" uspid="202" ordinal="5" offset="88" sl="291" sc="13" el="291" ec="56" bec="0" bev="0" fileid="1" />
                <SequencePoint vc="1" uspid="203" ordinal="6" offset="92" sl="293" sc="13" el="293" ec="39" bec="0" bev="0" fileid="1" />
                <SequencePoint vc="1" uspid="204" ordinal="7" offset="99" sl="294" sc="13" el="294" ec="30" bec="0" bev="0" fileid="1" />
                <SequencePoint vc="1" uspid="205" ordinal="8" offset="107" sl="296" sc="18" el="296" ec="27" bec="0" bev="0" fileid="1" />
                <SequencePoint vc="8" uspid="206" ordinal="9" offset="112" sl="297" sc="13" el="297" ec="14" bec="0" bev="0" fileid="1" />
                <SequencePoint vc="8" uspid="207" ordinal="10" offset="113" sl="298" sc="17" el="298" ec="50" bec="2" bev="2" fileid="1" />
                <SequencePoint vc="1" uspid="208" ordinal="11" offset="135" sl="299" sc="17" el="299" ec="18" bec="0" bev="0" fileid="1" />
                <SequencePoint vc="1" uspid="209" ordinal="12" offset="136" sl="300" sc="21" el="300" ec="65" bec="0" bev="0" fileid="1" />
                <SequencePoint vc="1" uspid="210" ordinal="13" offset="158" sl="301" sc="21" el="301" ec="27" bec="0" bev="0" fileid="1" />
                <SequencePoint vc="7" uspid="211" ordinal="14" offset="160" sl="303" sc="17" el="303" ec="51" bec="2" bev="1" fileid="1" />
                <SequencePoint vc="0" uspid="212" ordinal="15" offset="175" sl="304" sc="21" el="304" ec="65" bec="0" bev="0" fileid="1" />
                <SequencePoint vc="7" uspid="213" ordinal="16" offset="197" sl="305" sc="13" el="305" ec="14" bec="0" bev="0" fileid="1" />
                <SequencePoint vc="7" uspid="214" ordinal="17" offset="198" sl="296" sc="55" el="296" ec="58" bec="0" bev="0" fileid="1" />
                <SequencePoint vc="8" uspid="215" ordinal="18" offset="204" sl="296" sc="29" el="296" ec="53" bec="2" bev="1" fileid="1" />
                <SequencePoint vc="1" uspid="216" ordinal="19" offset="217" sl="306" sc="13" el="307" ec="79" bec="2" bev="1" fileid="1" />
                <SequencePoint vc="1" uspid="217" ordinal="20" offset="252" sl="308" sc="13" el="309" ec="79" bec="2" bev="1" fileid="1" />
                <SequencePoint vc="1" uspid="218" ordinal="21" offset="286" sl="310" sc="9" el="310" ec="10" bec="0" bev="0" fileid="1" />
              </SequencePoints>
              <BranchPoints>
                <BranchPoint vc="1" uspid="219" ordinal="0" offset="133" sl="298" path="0" offsetend="135" fileid="1" />
                <BranchPoint vc="7" uspid="220" ordinal="1" offset="133" sl="298" path="1" offsetend="160" fileid="1" />
                <BranchPoint vc="0" uspid="221" ordinal="2" offset="173" sl="303" path="0" offsetend="175" fileid="1" />
                <BranchPoint vc="7" uspid="222" ordinal="3" offset="173" sl="303" path="1" offsetend="197" fileid="1" />
                <BranchPoint vc="0" uspid="223" ordinal="4" offset="215" sl="296" path="0" offsetend="217" fileid="1" />
                <BranchPoint vc="8" uspid="224" ordinal="5" offset="215" sl="296" path="1" offsetend="112" fileid="1" />
                <BranchPoint vc="1" uspid="225" ordinal="6" offset="226" sl="306" path="0" offsetend="228" fileid="1" />
                <BranchPoint vc="0" uspid="226" ordinal="7" offset="226" sl="306" path="1" offsetend="245" fileid="1" />
                <BranchPoint vc="1" uspid="227" ordinal="8" offset="261" sl="308" path="0" offsetend="263" fileid="1" />
                <BranchPoint vc="0" uspid="228" ordinal="9" offset="261" sl="308" path="1" offsetend="279" fileid="1" />
              </BranchPoints>
              <MethodPoint xsi:type="SequencePoint" vc="1" uspid="197" ordinal="0" offset="0" sl="285" sc="9" el="285" ec="10" bec="0" bev="0" fileid="1" />
            </Method>
            <Method visited="false" cyclomaticComplexity="1" nPathComplexity="0" sequenceCoverage="0" branchCoverage="0" crapScore="2" isConstructor="true" isStatic="false" isGetter="false" isSetter="false">
              <Summary numSequencePoints="0" visitedSequencePoints="0" numBranchPoints="0" visitedBranchPoints="0" sequenceCoverage="0" branchCoverage="0" maxCyclomaticComplexity="1" minCyclomaticComplexity="1" maxCrapScore="2" minCrapScore="2" visitedClasses="0" numClasses="0" visitedMethods="0" numMethods="0" />
              <MetadataToken>100663322</MetadataToken>
              <Name>System.Void lab._10.Tests.MammalTests::.ctor()</Name>
              <SequencePoints />
              <BranchPoints />
              <MethodPoint vc="0" uspid="229" ordinal="0" offset="0" />
            </Method>
          </Methods>
        </Class>
        <Class>
          <Summary numSequencePoints="82" visitedSequencePoints="81" numBranchPoints="21" visitedBranchPoints="16" sequenceCoverage="98.78" branchCoverage="76.19" maxCyclomaticComplexity="7" minCyclomaticComplexity="1" maxCrapScore="7.00" minCrapScore="1" visitedClasses="1" numClasses="1" visitedMethods="9" numMethods="9" />
          <FullName>lab._10.Tests.ArtiodactylTests</FullName>
          <Methods>
            <Method visited="true" cyclomaticComplexity="1" nPathComplexity="0" sequenceCoverage="100" branchCoverage="100" crapScore="1" isConstructor="false" isStatic="false" isGetter="false" isSetter="false">
              <Summary numSequencePoints="7" visitedSequencePoints="7" numBranchPoints="1" visitedBranchPoints="1" sequenceCoverage="100" branchCoverage="100" maxCyclomaticComplexity="1" minCyclomaticComplexity="1" maxCrapScore="1" minCrapScore="1" visitedClasses="0" numClasses="0" visitedMethods="1" numMethods="1" />
              <MetadataToken>100663323</MetadataToken>
              <Name>System.Void lab._10.Tests.ArtiodactylTests::EmptyConstructor_ClassInstanceCreation_CorrectResult()</Name>
              <FileRef uid="1" />
              <SequencePoints>
                <SequencePoint vc="1" uspid="230" ordinal="0" offset="0" sl="318" sc="9" el="318" ec="10" bec="0" bev="0" fileid="1" />
                <SequencePoint vc="1" uspid="231" ordinal="1" offset="1" sl="320" sc="13" el="320" ec="47" bec="0" bev="0" fileid="1" />
                <SequencePoint vc="1" uspid="232" ordinal="2" offset="7" sl="321" sc="13" el="321" ec="36" bec="0" bev="0" fileid="1" />
                <SequencePoint vc="1" uspid="233" ordinal="3" offset="9" sl="323" sc="13" el="323" ec="49" bec="0" bev="0" fileid="1" />
                <SequencePoint vc="1" uspid="234" ordinal="4" offset="15" sl="325" sc="13" el="325" ec="53" bec="0" bev="0" fileid="1" />
                <SequencePoint vc="1" uspid="235" ordinal="5" offset="28" sl="326" sc="13" el="326" ec="57" bec="0" bev="0" fileid="1" />
                <SequencePoint vc="1" uspid="236" ordinal="6" offset="42" sl="327" sc="9" el="327" ec="10" bec="0" bev="0" fileid="1" />
              </SequencePoints>
              <BranchPoints />
              <MethodPoint xsi:type="SequencePoint" vc="1" uspid="230" ordinal="0" offset="0" sl="318" sc="9" el="318" ec="10" bec="0" bev="0" fileid="1" />
            </Method>
            <Method visited="true" cyclomaticComplexity="1" nPathComplexity="0" sequenceCoverage="100" branchCoverage="100" crapScore="1" isConstructor="false" isStatic="false" isGetter="false" isSetter="false">
              <Summary numSequencePoints="7" visitedSequencePoints="7" numBranchPoints="1" visitedBranchPoints="1" sequenceCoverage="100" branchCoverage="100" maxCyclomaticComplexity="1" minCyclomaticComplexity="1" maxCrapScore="1" minCrapScore="1" visitedClasses="0" numClasses="0" visitedMethods="1" numMethods="1" />
              <MetadataToken>100663324</MetadataToken>
              <Name>System.Void lab._10.Tests.ArtiodactylTests::ParameterizedConstructor1_ClassInstanceCreation_CorrectResult()</Name>
              <FileRef uid="1" />
              <SequencePoints>
                <SequencePoint vc="1" uspid="237" ordinal="0" offset="0" sl="331" sc="9" el="331" ec="10" bec="0" bev="0" fileid="1" />
                <SequencePoint vc="1" uspid="238" ordinal="1" offset="1" sl="332" sc="13" el="332" ec="42" bec="0" bev="0" fileid="1" />
                <SequencePoint vc="1" uspid="239" ordinal="2" offset="7" sl="333" sc="13" el="333" ec="36" bec="0" bev="0" fileid="1" />
                <SequencePoint vc="1" uspid="240" ordinal="3" offset="9" sl="334" sc="13" el="334" ec="61" bec="0" bev="0" fileid="1" />
                <SequencePoint vc="1" uspid="241" ordinal="4" offset="16" sl="336" sc="13" el="336" ec="53" bec="0" bev="0" fileid="1" />
                <SequencePoint vc="1" uspid="242" ordinal="5" offset="29" sl="337" sc="13" el="337" ec="57" bec="0" bev="0" fileid="1" />
                <SequencePoint vc="1" uspid="243" ordinal="6" offset="43" sl="338" sc="9" el="338" ec="10" bec="0" bev="0" fileid="1" />
              </SequencePoints>
              <BranchPoints />
              <MethodPoint xsi:type="SequencePoint" vc="1" uspid="237" ordinal="0" offset="0" sl="331" sc="9" el="331" ec="10" bec="0" bev="0" fileid="1" />
            </Method>
            <Method visited="true" cyclomaticComplexity="1" nPathComplexity="0" sequenceCoverage="100" branchCoverage="100" crapScore="1" isConstructor="false" isStatic="false" isGetter="false" isSetter="false">
              <Summary numSequencePoints="7" visitedSequencePoints="7" numBranchPoints="1" visitedBranchPoints="1" sequenceCoverage="100" branchCoverage="100" maxCyclomaticComplexity="1" minCyclomaticComplexity="1" maxCrapScore="1" minCrapScore="1" visitedClasses="0" numClasses="0" visitedMethods="1" numMethods="1" />
              <MetadataToken>100663325</MetadataToken>
              <Name>System.Void lab._10.Tests.ArtiodactylTests::ParameterizedConstructor2_ClassInstanceCreation_CorrectResult()</Name>
              <FileRef uid="1" />
              <SequencePoints>
                <SequencePoint vc="1" uspid="244" ordinal="0" offset="0" sl="342" sc="9" el="342" ec="10" bec="0" bev="0" fileid="1" />
                <SequencePoint vc="1" uspid="245" ordinal="1" offset="1" sl="343" sc="13" el="343" ec="42" bec="0" bev="0" fileid="1" />
                <SequencePoint vc="1" uspid="246" ordinal="2" offset="7" sl="344" sc="13" el="344" ec="36" bec="0" bev="0" fileid="1" />
                <SequencePoint vc="1" uspid="247" ordinal="3" offset="9" sl="345" sc="13" el="345" ec="77" bec="0" bev="0" fileid="1" />
                <SequencePoint vc="1" uspid="248" ordinal="4" offset="18" sl="347" sc="13" el="347" ec="53" bec="0" bev="0" fileid="1" />
                <SequencePoint vc="1" uspid="249" ordinal="5" offset="31" sl="348" sc="13" el="348" ec="57" bec="0" bev="0" fileid="1" />
                <SequencePoint vc="1" uspid="250" ordinal="6" offset="45" sl="349" sc="9" el="349" ec="10" bec="0" bev="0" fileid="1" />
              </SequencePoints>
              <BranchPoints />
              <MethodPoint xsi:type="SequencePoint" vc="1" uspid="244" ordinal="0" offset="0" sl="342" sc="9" el="342" ec="10" bec="0" bev="0" fileid="1" />
            </Method>
            <Method visited="true" cyclomaticComplexity="1" nPathComplexity="0" sequenceCoverage="100" branchCoverage="100" crapScore="1" isConstructor="false" isStatic="false" isGetter="false" isSetter="false">
              <Summary numSequencePoints="9" visitedSequencePoints="9" numBranchPoints="1" visitedBranchPoints="1" sequenceCoverage="100" branchCoverage="100" maxCyclomaticComplexity="1" minCyclomaticComplexity="1" maxCrapScore="1" minCrapScore="1" visitedClasses="0" numClasses="0" visitedMethods="1" numMethods="1" />
              <MetadataToken>100663326</MetadataToken>
              <Name>System.Void lab._10.Tests.ArtiodactylTests::ParameterizedConstructor3_ClassInstanceCreation_CorrectResult()</Name>
              <FileRef uid="1" />
              <SequencePoints>
                <SequencePoint vc="1" uspid="251" ordinal="0" offset="0" sl="352" sc="9" el="352" ec="10" bec="0" bev="0" fileid="1" />
                <SequencePoint vc="1" uspid="252" ordinal="1" offset="1" sl="353" sc="13" el="353" ec="42" bec="0" bev="0" fileid="1" />
                <SequencePoint vc="1" uspid="253" ordinal="2" offset="7" sl="354" sc="13" el="354" ec="36" bec="0" bev="0" fileid="1" />
                <SequencePoint vc="1" uspid="254" ordinal="3" offset="9" sl="355" sc="13" el="355" ec="40" bec="0" bev="0" fileid="1" />
                <SequencePoint vc="1" uspid="255" ordinal="4" offset="11" sl="356" sc="13" el="356" ec="97" bec="0" bev="0" fileid="1" />
                <SequencePoint vc="1" uspid="256" ordinal="5" offset="22" sl="358" sc="13" el="358" ec="53" bec="0" bev="0" fileid="1" />
                <SequencePoint vc="1" uspid="257" ordinal="6" offset="35" sl="359" sc="13" el="359" ec="57" bec="0" bev="0" fileid="1" />
                <SequencePoint vc="1" uspid="258" ordinal="7" offset="49" sl="360" sc="13" el="360" ec="65" bec="0" bev="0" fileid="1" />
                <SequencePoint vc="1" uspid="259" ordinal="8" offset="63" sl="361" sc="9" el="361" ec="10" bec="0" bev="0" fileid="1" />
              </SequencePoints>
              <BranchPoints />
              <MethodPoint xsi:type="SequencePoint" vc="1" uspid="251" ordinal="0" offset="0" sl="352" sc="9" el="352" ec="10" bec="0" bev="0" fileid="1" />
            </Method>
            <Method visited="true" cyclomaticComplexity="1" nPathComplexity="0" sequenceCoverage="100" branchCoverage="100" crapScore="1" isConstructor="false" isStatic="false" isGetter="false" isSetter="false">
              <Summary numSequencePoints="11" visitedSequencePoints="11" numBranchPoints="1" visitedBranchPoints="1" sequenceCoverage="100" branchCoverage="100" maxCyclomaticComplexity="1" minCyclomaticComplexity="1" maxCrapScore="1" minCrapScore="1" visitedClasses="0" numClasses="0" visitedMethods="1" numMethods="1" />
              <MetadataToken>100663327</MetadataToken>
              <Name>System.Void lab._10.Tests.ArtiodactylTests::ParameterizedConstructor4_ClassInstanceCreation_CorrectResult()</Name>
              <FileRef uid="1" />
              <SequencePoints>
                <SequencePoint vc="1" uspid="260" ordinal="0" offset="0" sl="364" sc="9" el="364" ec="10" bec="0" bev="0" fileid="1" />
                <SequencePoint vc="1" uspid="261" ordinal="1" offset="1" sl="365" sc="13" el="365" ec="42" bec="0" bev="0" fileid="1" />
                <SequencePoint vc="1" uspid="262" ordinal="2" offset="7" sl="366" sc="13" el="366" ec="36" bec="0" bev="0" fileid="1" />
                <SequencePoint vc="1" uspid="263" ordinal="3" offset="9" sl="367" sc="13" el="367" ec="40" bec="0" bev="0" fileid="1" />
                <SequencePoint vc="1" uspid="264" ordinal="4" offset="11" sl="368" sc="13" el="368" ec="38" bec="0" bev="0" fileid="1" />
                <SequencePoint vc="1" uspid="265" ordinal="5" offset="13" sl="369" sc="13" el="369" ec="115" bec="0" bev="0" fileid="1" />
                <SequencePoint vc="1" uspid="266" ordinal="6" offset="27" sl="371" sc="13" el="371" ec="53" bec="0" bev="0" fileid="1" />
                <SequencePoint vc="1" uspid="267" ordinal="7" offset="41" sl="372" sc="13" el="372" ec="57" bec="0" bev="0" fileid="1" />
                <SequencePoint vc="1" uspid="268" ordinal="8" offset="56" sl="373" sc="13" el="373" ec="65" bec="0" bev="0" fileid="1" />
                <SequencePoint vc="1" uspid="269" ordinal="9" offset="71" sl="374" sc="13" el="374" ec="61" bec="0" bev="0" fileid="1" />
                <SequencePoint vc="1" uspid="270" ordinal="10" offset="86" sl="375" sc="9" el="375" ec="10" bec="0" bev="0" fileid="1" />
              </SequencePoints>
              <BranchPoints />
              <MethodPoint xsi:type="SequencePoint" vc="1" uspid="260" ordinal="0" offset="0" sl="364" sc="9" el="364" ec="10" bec="0" bev="0" fileid="1" />
            </Method>
            <Method visited="true" cyclomaticComplexity="1" nPathComplexity="0" sequenceCoverage="100" branchCoverage="100" crapScore="1" isConstructor="false" isStatic="false" isGetter="false" isSetter="false">
              <Summary numSequencePoints="6" visitedSequencePoints="6" numBranchPoints="1" visitedBranchPoints="1" sequenceCoverage="100" branchCoverage="100" maxCyclomaticComplexity="1" minCyclomaticComplexity="1" maxCrapScore="1" minCrapScore="1" visitedClasses="0" numClasses="0" visitedMethods="1" numMethods="1" />
              <MetadataToken>100663328</MetadataToken>
              <Name>System.Void lab._10.Tests.ArtiodactylTests::CompareTo_Сomparisons_CorrectResult()</Name>
              <FileRef uid="1" />
              <SequencePoints>
                <SequencePoint vc="1" uspid="271" ordinal="0" offset="0" sl="378" sc="9" el="378" ec="10" bec="0" bev="0" fileid="1" />
                <SequencePoint vc="1" uspid="272" ordinal="1" offset="1" sl="379" sc="13" el="379" ec="57" bec="0" bev="0" fileid="1" />
                <SequencePoint vc="1" uspid="273" ordinal="2" offset="3" sl="381" sc="13" el="381" ec="67" bec="0" bev="0" fileid="1" />
                <SequencePoint vc="1" uspid="274" ordinal="3" offset="23" sl="382" sc="13" el="382" ec="72" bec="0" bev="0" fileid="1" />
                <SequencePoint vc="1" uspid="275" ordinal="4" offset="43" sl="384" sc="13" el="384" ec="103" bec="0" bev="0" fileid="1" />
                <SequencePoint vc="1" uspid="276" ordinal="5" offset="57" sl="385" sc="9" el="385" ec="10" bec="0" bev="0" fileid="1" />
              </SequencePoints>
              <BranchPoints />
              <MethodPoint xsi:type="SequencePoint" vc="1" uspid="271" ordinal="0" offset="0" sl="378" sc="9" el="378" ec="10" bec="0" bev="0" fileid="1" />
            </Method>
            <Method visited="true" cyclomaticComplexity="1" nPathComplexity="0" sequenceCoverage="100" branchCoverage="100" crapScore="1" isConstructor="false" isStatic="false" isGetter="false" isSetter="false">
              <Summary numSequencePoints="6" visitedSequencePoints="6" numBranchPoints="1" visitedBranchPoints="1" sequenceCoverage="100" branchCoverage="100" maxCyclomaticComplexity="1" minCyclomaticComplexity="1" maxCrapScore="1" minCrapScore="1" visitedClasses="0" numClasses="0" visitedMethods="1" numMethods="1" />
              <MetadataToken>100663329</MetadataToken>
              <Name>System.Void lab._10.Tests.ArtiodactylTests::ShallowCopy_FunctionCall_CorrectResult()</Name>
              <FileRef uid="1" />
              <SequencePoints>
                <SequencePoint vc="1" uspid="277" ordinal="0" offset="0" sl="389" sc="9" el="389" ec="10" bec="0" bev="0" fileid="1" />
                <SequencePoint vc="1" uspid="278" ordinal="1" offset="1" sl="390" sc="13" el="390" ec="49" bec="0" bev="0" fileid="1" />
                <SequencePoint vc="1" uspid="279" ordinal="2" offset="7" sl="391" sc="13" el="391" ec="52" bec="0" bev="0" fileid="1" />
                <SequencePoint vc="1" uspid="280" ordinal="3" offset="14" sl="393" sc="13" el="393" ec="63" bec="0" bev="0" fileid="1" />
                <SequencePoint vc="1" uspid="281" ordinal="4" offset="31" sl="394" sc="13" el="394" ec="44" bec="0" bev="0" fileid="1" />
                <SequencePoint vc="1" uspid="282" ordinal="5" offset="39" sl="395" sc="9" el="395" ec="10" bec="0" bev="0" fileid="1" />
              </SequencePoints>
              <BranchPoints />
              <MethodPoint xsi:type="SequencePoint" vc="1" uspid="277" ordinal="0" offset="0" sl="389" sc="9" el="389" ec="10" bec="0" bev="0" fileid="1" />
            </Method>
            <Method visited="true" cyclomaticComplexity="1" nPathComplexity="0" sequenceCoverage="100" branchCoverage="100" crapScore="1" isConstructor="false" isStatic="false" isGetter="false" isSetter="false">
              <Summary numSequencePoints="6" visitedSequencePoints="6" numBranchPoints="1" visitedBranchPoints="1" sequenceCoverage="100" branchCoverage="100" maxCyclomaticComplexity="1" minCyclomaticComplexity="1" maxCrapScore="1" minCrapScore="1" visitedClasses="0" numClasses="0" visitedMethods="1" numMethods="1" />
              <MetadataToken>100663330</MetadataToken>
              <Name>System.Void lab._10.Tests.ArtiodactylTests::Clone_FunctionCall_CorrectResult()</Name>
              <FileRef uid="1" />
              <SequencePoints>
                <SequencePoint vc="1" uspid="283" ordinal="0" offset="0" sl="398" sc="9" el="398" ec="10" bec="0" bev="0" fileid="1" />
                <SequencePoint vc="1" uspid="284" ordinal="1" offset="1" sl="399" sc="13" el="399" ec="49" bec="0" bev="0" fileid="1" />
                <SequencePoint vc="1" uspid="285" ordinal="2" offset="7" sl="400" sc="13" el="400" ec="59" bec="0" bev="0" fileid="1" />
                <SequencePoint vc="1" uspid="286" ordinal="3" offset="19" sl="402" sc="13" el="402" ec="63" bec="0" bev="0" fileid="1" />
                <SequencePoint vc="1" uspid="287" ordinal="4" offset="36" sl="403" sc="13" el="403" ec="44" bec="0" bev="0" fileid="1" />
                <SequencePoint vc="1" uspid="288" ordinal="5" offset="44" sl="404" sc="9" el="404" ec="10" bec="0" bev="0" fileid="1" />
              </SequencePoints>
              <BranchPoints />
              <MethodPoint xsi:type="SequencePoint" vc="1" uspid="283" ordinal="0" offset="0" sl="398" sc="9" el="398" ec="10" bec="0" bev="0" fileid="1" />
            </Method>
            <Method visited="true" cyclomaticComplexity="7" nPathComplexity="64" sequenceCoverage="95.65" branchCoverage="61.54" crapScore="7.00" isConstructor="false" isStatic="false" isGetter="false" isSetter="false">
              <Summary numSequencePoints="23" visitedSequencePoints="22" numBranchPoints="13" visitedBranchPoints="8" sequenceCoverage="95.65" branchCoverage="61.54" maxCyclomaticComplexity="7" minCyclomaticComplexity="7" maxCrapScore="7.00" minCrapScore="7.00" visitedClasses="0" numClasses="0" visitedMethods="1" numMethods="1" />
              <MetadataToken>100663331</MetadataToken>
              <Name>System.Void lab._10.Tests.ArtiodactylTests::RandomInit_FunctionCall_CorrectResult()</Name>
              <FileRef uid="1" />
              <SequencePoints>
                <SequencePoint vc="1" uspid="289" ordinal="0" offset="0" sl="407" sc="9" el="407" ec="10" bec="0" bev="0" fileid="1" />
                <SequencePoint vc="1" uspid="290" ordinal="1" offset="1" sl="408" sc="13" el="408" ec="114" bec="0" bev="0" fileid="1" />
                <SequencePoint vc="1" uspid="291" ordinal="2" offset="81" sl="410" sc="13" el="410" ec="50" bec="0" bev="0" fileid="1" />
                <SequencePoint vc="1" uspid="292" ordinal="3" offset="83" sl="411" sc="13" el="411" ec="53" bec="0" bev="0" fileid="1" />
                <SequencePoint vc="1" uspid="293" ordinal="4" offset="86" sl="412" sc="13" el="412" ec="54" bec="0" bev="0" fileid="1" />
                <SequencePoint vc="1" uspid="294" ordinal="5" offset="88" sl="413" sc="13" el="413" ec="56" bec="0" bev="0" fileid="1" />
                <SequencePoint vc="1" uspid="295" ordinal="6" offset="92" sl="415" sc="13" el="415" ec="49" bec="0" bev="0" fileid="1" />
                <SequencePoint vc="1" uspid="296" ordinal="7" offset="99" sl="416" sc="13" el="416" ec="30" bec="0" bev="0" fileid="1" />
                <SequencePoint vc="1" uspid="297" ordinal="8" offset="107" sl="418" sc="18" el="418" ec="27" bec="0" bev="0" fileid="1" />
                <SequencePoint vc="3" uspid="298" ordinal="9" offset="112" sl="419" sc="13" el="419" ec="14" bec="0" bev="0" fileid="1" />
                <SequencePoint vc="3" uspid="299" ordinal="10" offset="113" sl="420" sc="17" el="420" ec="50" bec="2" bev="2" fileid="1" />
                <SequencePoint vc="1" uspid="300" ordinal="11" offset="135" sl="421" sc="17" el="421" ec="18" bec="0" bev="0" fileid="1" />
                <SequencePoint vc="1" uspid="301" ordinal="12" offset="136" sl="422" sc="21" el="422" ec="65" bec="0" bev="0" fileid="1" />
                <SequencePoint vc="1" uspid="302" ordinal="13" offset="158" sl="423" sc="21" el="423" ec="27" bec="0" bev="0" fileid="1" />
                <SequencePoint vc="2" uspid="303" ordinal="14" offset="160" sl="425" sc="17" el="425" ec="51" bec="2" bev="1" fileid="1" />
                <SequencePoint vc="0" uspid="304" ordinal="15" offset="175" sl="426" sc="21" el="426" ec="65" bec="0" bev="0" fileid="1" />
                <SequencePoint vc="2" uspid="305" ordinal="16" offset="197" sl="427" sc="13" el="427" ec="14" bec="0" bev="0" fileid="1" />
                <SequencePoint vc="2" uspid="306" ordinal="17" offset="198" sl="418" sc="55" el="418" ec="58" bec="0" bev="0" fileid="1" />
                <SequencePoint vc="3" uspid="307" ordinal="18" offset="204" sl="418" sc="29" el="418" ec="53" bec="2" bev="1" fileid="1" />
                <SequencePoint vc="1" uspid="308" ordinal="19" offset="217" sl="428" sc="13" el="429" ec="75" bec="2" bev="1" fileid="1" />
                <SequencePoint vc="1" uspid="309" ordinal="20" offset="251" sl="430" sc="13" el="431" ec="79" bec="2" bev="1" fileid="1" />
                <SequencePoint vc="1" uspid="310" ordinal="21" offset="285" sl="432" sc="13" el="433" ec="81" bec="2" bev="1" fileid="1" />
                <SequencePoint vc="1" uspid="311" ordinal="22" offset="320" sl="435" sc="9" el="435" ec="10" bec="0" bev="0" fileid="1" />
              </SequencePoints>
              <BranchPoints>
                <BranchPoint vc="1" uspid="312" ordinal="0" offset="133" sl="420" path="0" offsetend="135" fileid="1" />
                <BranchPoint vc="2" uspid="313" ordinal="1" offset="133" sl="420" path="1" offsetend="160" fileid="1" />
                <BranchPoint vc="0" uspid="314" ordinal="2" offset="173" sl="425" path="0" offsetend="175" fileid="1" />
[...]
              <FileRef uid="15" />
              <SequencePoints>
                <SequencePoint vc="0" uspid="576" ordinal="0" offset="0" sl="50" sc="3" el="50" ec="4" bec="0" bev="0" fileid="15" />
                <SequencePoint vc="0" uspid="577" ordinal="1" offset="1" sl="51" sc="4" el="51" ec="30" bec="0" bev="0" fileid="15" />
                <SequencePoint vc="0" uspid="578" ordinal="2" offset="7" sl="52" sc="4" el="52" ec="38" bec="0" bev="0" fileid="15" />
                <SequencePoint vc="0" uspid="579" ordinal="3" offset="22" sl="53" sc="4" el="53" ec="29" bec="0" bev="0" fileid="15" />
                <SequencePoint vc="0" uspid="580" ordinal="4" offset="32" sl="54" sc="4" el="54" ec="20" bec="0" bev="0" fileid="15" />
                <SequencePoint vc="0" uspid="581" ordinal="5" offset="46" sl="55" sc="4" el="55" ec="12" bec="0" bev="0" fileid="15" />
                <SequencePoint vc="0" uspid="582" ordinal="6" offset="54" sl="56" sc="3" el="56" ec="4" bec="0" bev="0" fileid="15" />
              </SequencePoints>
              <BranchPoints />
              <MethodPoint xsi:type="SequencePoint" vc="0" uspid="576" ordinal="0" offset="0" sl="50" sc="3" el="50" ec="4" bec="0" bev="0" fileid="15" />
            </Method>
            <Method visited="true" cyclomaticComplexity="1" nPathComplexity="0" sequenceCoverage="100" branchCoverage="100" crapScore="1" isConstructor="true" isStatic="true" isGetter="false" isSetter="false">
              <Summary numSequencePoints="1" visitedSequencePoints="1" numBranchPoints="1" visitedBranchPoints="1" sequenceCoverage="100" branchCoverage="100" maxCyclomaticComplexity="1" minCyclomaticComplexity="1" maxCrapScore="1" minCrapScore="1" visitedClasses="0" numClasses="0" visitedMethods="1" numMethods="1" />
              <MetadataToken>100663345</MetadataToken>
              <Name>System.Void AnimalLibrary.Person::.cctor()</Name>
              <FileRef uid="15" />
              <SequencePoints>
                <SequencePoint vc="1" uspid="583" ordinal="0" offset="0" sl="11" sc="3" el="11" ec="110" bec="0" bev="0" fileid="15" />
              </SequencePoints>
              <BranchPoints />
              <MethodPoint xsi:type="SequencePoint" vc="1" uspid="583" ordinal="0" offset="0" sl="11" sc="3" el="11" ec="110" bec="0" bev="0" fileid="15" />
            </Method>
          </Methods>
        </Class>
        <Class>
          <Summary numSequencePoints="45" visitedSequencePoints="38" numBranchPoints="13" visitedBranchPoints="10" sequenceCoverage="84.44" branchCoverage="76.92" maxCyclomaticComplexity="2" minCyclomaticComplexity="1" maxCrapScore="2.03" minCrapScore="1" visitedClasses="1" numClasses="1" visitedMethods="9" numMethods="11" />
          <FullName>AnimalLibrary.Mammal</FullName>
          <Methods>
            <Method visited="true" cyclomaticComplexity="1" nPathComplexity="0" sequenceCoverage="100" branchCoverage="100" crapScore="1" isConstructor="false" isStatic="false" isGetter="true" isSetter="false">
              <Summary numSequencePoints="3" visitedSequencePoints="3" numBranchPoints="1" visitedBranchPoints="1" sequenceCoverage="100" branchCoverage="100" maxCyclomaticComplexity="1" minCyclomaticComplexity="1" maxCrapScore="1" minCrapScore="1" visitedClasses="0" numClasses="0" visitedMethods="1" numMethods="1" />
              <MetadataToken>100663348</MetadataToken>
              <Name>System.Double AnimalLibrary.Mammal::get_HairLength()</Name>
              <FileRef uid="16" />
              <SequencePoints>
                <SequencePoint vc="7" uspid="584" ordinal="0" offset="0" sl="14" sc="8" el="14" ec="9" bec="0" bev="0" fileid="16" />
                <SequencePoint vc="7" uspid="585" ordinal="1" offset="1" sl="14" sc="10" el="14" ec="28" bec="0" bev="0" fileid="16" />
                <SequencePoint vc="7" uspid="586" ordinal="2" offset="10" sl="14" sc="29" el="14" ec="30" bec="0" bev="0" fileid="16" />
              </SequencePoints>
              <BranchPoints />
              <MethodPoint xsi:type="SequencePoint" vc="7" uspid="584" ordinal="0" offset="0" sl="14" sc="8" el="14" ec="9" bec="0" bev="0" fileid="16" />
            </Method>
            <Method visited="true" cyclomaticComplexity="2" nPathComplexity="2" sequenceCoverage="80" branchCoverage="66.67" crapScore="2.03" isConstructor="false" isStatic="false" isGetter="false" isSetter="true">
              <Summary numSequencePoints="5" visitedSequencePoints="4" numBranchPoints="3" visitedBranchPoints="2" sequenceCoverage="80" branchCoverage="66.67" maxCyclomaticComplexity="2" minCyclomaticComplexity="2" maxCrapScore="2.03" minCrapScore="2.03" visitedClasses="0" numClasses="0" visitedMethods="1" numMethods="1" />
              <MetadataToken>100663349</MetadataToken>
              <Name>System.Void AnimalLibrary.Mammal::set_HairLength(System.Double)</Name>
              <FileRef uid="16" />
              <SequencePoints>
                <SequencePoint vc="23" uspid="587" ordinal="0" offset="0" sl="16" sc="4" el="16" ec="5" bec="0" bev="0" fileid="16" />
                <SequencePoint vc="23" uspid="588" ordinal="1" offset="1" sl="17" sc="5" el="17" ec="19" bec="2" bev="1" fileid="16" />
                <SequencePoint vc="0" uspid="589" ordinal="2" offset="17" sl="18" sc="6" el="18" ec="66" bec="0" bev="0" fileid="16" />
                <SequencePoint vc="23" uspid="590" ordinal="3" offset="30" sl="20" sc="6" el="20" ec="25" bec="0" bev="0" fileid="16" />
                <SequencePoint vc="23" uspid="591" ordinal="4" offset="37" sl="21" sc="4" el="21" ec="5" bec="0" bev="0" fileid="16" />
              </SequencePoints>
              <BranchPoints>
                <BranchPoint vc="0" uspid="592" ordinal="0" offset="15" sl="17" path="0" offsetend="17" fileid="16" />
                <BranchPoint vc="23" uspid="593" ordinal="1" offset="15" sl="17" path="1" offsetend="30" fileid="16" />
              </BranchPoints>
              <MethodPoint xsi:type="SequencePoint" vc="23" uspid="587" ordinal="0" offset="0" sl="16" sc="4" el="16" ec="5" bec="0" bev="0" fileid="16" />
            </Method>
            <Method visited="true" cyclomaticComplexity="1" nPathComplexity="0" sequenceCoverage="100" branchCoverage="100" crapScore="1" isConstructor="true" isStatic="false" isGetter="false" isSetter="false">
              <Summary numSequencePoints="4" visitedSequencePoints="4" numBranchPoints="1" visitedBranchPoints="1" sequenceCoverage="100" branchCoverage="100" maxCyclomaticComplexity="1" minCyclomaticComplexity="1" maxCrapScore="1" minCrapScore="1" visitedClasses="0" numClasses="0" visitedMethods="1" numMethods="1" />
              <MetadataToken>100663350</MetadataToken>
              <Name>System.Void AnimalLibrary.Mammal::.ctor()</Name>
              <FileRef uid="16" />
              <SequencePoints>
                <SequencePoint vc="8" uspid="594" ordinal="0" offset="0" sl="24" sc="3" el="24" ec="18" bec="0" bev="0" fileid="16" />
                <SequencePoint vc="8" uspid="595" ordinal="1" offset="7" sl="25" sc="3" el="25" ec="4" bec="0" bev="0" fileid="16" />
                <SequencePoint vc="8" uspid="596" ordinal="2" offset="8" sl="26" sc="4" el="26" ec="19" bec="0" bev="0" fileid="16" />
                <SequencePoint vc="8" uspid="597" ordinal="3" offset="24" sl="27" sc="3" el="27" ec="4" bec="0" bev="0" fileid="16" />
              </SequencePoints>
              <BranchPoints />
              <MethodPoint xsi:type="SequencePoint" vc="8" uspid="594" ordinal="0" offset="0" sl="24" sc="3" el="24" ec="18" bec="0" bev="0" fileid="16" />
            </Method>
            <Method visited="true" cyclomaticComplexity="1" nPathComplexity="0" sequenceCoverage="100" branchCoverage="100" crapScore="1" isConstructor="true" isStatic="false" isGetter="false" isSetter="false">
              <Summary numSequencePoints="4" visitedSequencePoints="4" numBranchPoints="1" visitedBranchPoints="1" sequenceCoverage="100" branchCoverage="100" maxCyclomaticComplexity="1" minCyclomaticComplexity="1" maxCrapScore="1" minCrapScore="1" visitedClasses="0" numClasses="0" visitedMethods="1" numMethods="1" />
              <MetadataToken>100663351</MetadataToken>
              <Name>System.Void AnimalLibrary.Mammal::.ctor(System.String)</Name>
              <FileRef uid="16" />
              <SequencePoints>
                <SequencePoint vc="2" uspid="598" ordinal="0" offset="0" sl="28" sc="33" el="28" ec="44" bec="0" bev="0" fileid="16" />
                <SequencePoint vc="2" uspid="599" ordinal="1" offset="8" sl="29" sc="3" el="29" ec="4" bec="0" bev="0" fileid="16" />
                <SequencePoint vc="2" uspid="600" ordinal="2" offset="9" sl="30" sc="4" el="30" ec="19" bec="0" bev="0" fileid="16" />
                <SequencePoint vc="2" uspid="601" ordinal="3" offset="25" sl="31" sc="3" el="31" ec="4" bec="0" bev="0" fileid="16" />
              </SequencePoints>
              <BranchPoints />
              <MethodPoint xsi:type="SequencePoint" vc="2" uspid="598" ordinal="0" offset="0" sl="28" sc="33" el="28" ec="44" bec="0" bev="0" fileid="16" />
            </Method>
            <Method visited="true" cyclomaticComplexity="1" nPathComplexity="0" sequenceCoverage="100" branchCoverage="100" crapScore="1" isConstructor="true" isStatic="false" isGetter="false" isSetter="false">
              <Summary numSequencePoints="4" visitedSequencePoints="4" numBranchPoints="1" visitedBranchPoints="1" sequenceCoverage="100" branchCoverage="100" maxCyclomaticComplexity="1" minCyclomaticComplexity="1" maxCrapScore="1" minCrapScore="1" visitedClasses="0" numClasses="0" visitedMethods="1" numMethods="1" />
              <MetadataToken>100663352</MetadataToken>
              <Name>System.Void AnimalLibrary.Mammal::.ctor(System.String,System.Double)</Name>
              <FileRef uid="16" />
              <SequencePoints>
                <SequencePoint vc="6" uspid="602" ordinal="0" offset="0" sl="32" sc="49" el="32" ec="69" bec="0" bev="0" fileid="16" />
                <SequencePoint vc="6" uspid="603" ordinal="1" offset="9" sl="33" sc="3" el="33" ec="4" bec="0" bev="0" fileid="16" />
                <SequencePoint vc="6" uspid="604" ordinal="2" offset="10" sl="34" sc="4" el="34" ec="19" bec="0" bev="0" fileid="16" />
                <SequencePoint vc="6" uspid="605" ordinal="3" offset="26" sl="35" sc="3" el="35" ec="4" bec="0" bev="0" fileid="16" />
              </SequencePoints>
              <BranchPoints />
              <MethodPoint xsi:type="SequencePoint" vc="6" uspid="602" ordinal="0" offset="0" sl="32" sc="49" el="32" ec="69" bec="0" bev="0" fileid="16" />
            </Method>
            <Method visited="true" cyclomaticComplexity="1" nPathComplexity="0" sequenceCoverage="100" branchCoverage="100" crapScore="1" isConstructor="true" isStatic="false" isGetter="false" isSetter="false">
              <Summary numSequencePoints="4" visitedSequencePoints="4" numBranchPoints="1" visitedBranchPoints="1" sequenceCoverage="100" branchCoverage="100" maxCyclomaticComplexity="1" minCyclomaticComplexity="1" maxCrapScore="1" minCrapScore="1" visitedClasses="0" numClasses="0" visitedMethods="1" numMethods="1" />
              <MetadataToken>100663353</MetadataToken>
              <Name>System.Void AnimalLibrary.Mammal::.ctor(System.String,System.Double,System.Double)</Name>
              <FileRef uid="16" />
              <SequencePoints>
                <SequencePoint vc="5" uspid="606" ordinal="0" offset="0" sl="37" sc="5" el="37" ec="25" bec="0" bev="0" fileid="16" />
                <SequencePoint vc="5" uspid="607" ordinal="1" offset="9" sl="38" sc="3" el="38" ec="4" bec="0" bev="0" fileid="16" />
                <SequencePoint vc="5" uspid="608" ordinal="2" offset="10" sl="39" sc="4" el="39" ec="29" bec="0" bev="0" fileid="16" />
                <SequencePoint vc="5" uspid="609" ordinal="3" offset="18" sl="40" sc="3" el="40" ec="4" bec="0" bev="0" fileid="16" />
              </SequencePoints>
              <BranchPoints />
              <MethodPoint xsi:type="SequencePoint" vc="5" uspid="606" ordinal="0" offset="0" sl="37" sc="5" el="37" ec="25" bec="0" bev="0" fileid="16" />
            </Method>
            <Method visited="false" cyclomaticComplexity="1" nPathComplexity="0" sequenceCoverage="0" branchCoverage="0" crapScore="2" isConstructor="false" isStatic="false" isGetter="false" isSetter="false">
              <Summary numSequencePoints="3" visitedSequencePoints="0" numBranchPoints="1" visitedBranchPoints="0" sequenceCoverage="0" branchCoverage="0" maxCyclomaticComplexity="1" minCyclomaticComplexity="1" maxCrapScore="2" minCrapScore="2" visitedClasses="0" numClasses="0" visitedMethods="0" numMethods="1" />
              <MetadataToken>100663354</MetadataToken>
              <Name>System.Void AnimalLibrary.Mammal::Print()</Name>
              <FileRef uid="16" />
              <SequencePoints>
                <SequencePoint vc="0" uspid="610" ordinal="0" offset="0" sl="42" sc="3" el="42" ec="4" bec="0" bev="0" fileid="16" />
                <SequencePoint vc="0" uspid="611" ordinal="1" offset="1" sl="43" sc="4" el="43" ec="103" bec="0" bev="0" fileid="16" />
                <SequencePoint vc="0" uspid="612" ordinal="2" offset="45" sl="44" sc="3" el="44" ec="4" bec="0" bev="0" fileid="16" />
              </SequencePoints>
              <BranchPoints />
              <MethodPoint xsi:type="SequencePoint" vc="0" uspid="610" ordinal="0" offset="0" sl="42" sc="3" el="42" ec="4" bec="0" bev="0" fileid="16" />
            </Method>
            <Method visited="false" cyclomaticComplexity="1" nPathComplexity="0" sequenceCoverage="0" branchCoverage="0" crapScore="2" isConstructor="false" isStatic="false" isGetter="false" isSetter="false">
              <Summary numSequencePoints="3" visitedSequencePoints="0" numBranchPoints="1" visitedBranchPoints="0" sequenceCoverage="0" branchCoverage="0" maxCyclomaticComplexity="1" minCyclomaticComplexity="1" maxCrapScore="2" minCrapScore="2" visitedClasses="0" numClasses="0" visitedMethods="0" numMethods="1" />
              <MetadataToken>100663355</MetadataToken>
              <Name>System.Void AnimalLibrary.Mammal::WrongPrint()</Name>
              <FileRef uid="16" />
              <SequencePoints>
                <SequencePoint vc="0" uspid="613" ordinal="0" offset="0" sl="46" sc="3" el="46" ec="4" bec="0" bev="0" fileid="16" />
                <SequencePoint vc="0" uspid="614" ordinal="1" offset="1" sl="47" sc="4" el="47" ec="103" bec="0" bev="0" fileid="16" />
                <SequencePoint vc="0" uspid="615" ordinal="2" offset="45" sl="48" sc="3" el="48" ec="4" bec="0" bev="0" fileid="16" />
              </SequencePoints>
              <BranchPoints />
              <MethodPoint xsi:type="SequencePoint" vc="0" uspid="613" ordinal="0" offset="0" sl="46" sc="3" el="46" ec="4" bec="0" bev="0" fileid="16" />
            </Method>
            <Method visited="true" cyclomaticComplexity="1" nPathComplexity="0" sequenceCoverage="100" branchCoverage="100" crapScore="1" isConstructor="false" isStatic="false" isGetter="false" isSetter="false">
              <Summary numSequencePoints="3" visitedSequencePoints="3" numBranchPoints="1" visitedBranchPoints="1" sequenceCoverage="100" branchCoverage="100" maxCyclomaticComplexity="1" minCyclomaticComplexity="1" maxCrapScore="1" minCrapScore="1" visitedClasses="0" numClasses="0" visitedMethods="1" numMethods="1" />
              <MetadataToken>100663356</MetadataToken>
              <Name>AnimalLibrary.Mammal AnimalLibrary.Mammal::ShallowCopy()</Name>
              <FileRef uid="16" />
              <SequencePoints>
                <SequencePoint vc="1" uspid="616" ordinal="0" offset="0" sl="50" sc="3" el="50" ec="4" bec="0" bev="0" fileid="16" />
                <SequencePoint vc="1" uspid="617" ordinal="1" offset="1" sl="51" sc="4" el="51" ec="42" bec="0" bev="0" fileid="16" />
                <SequencePoint vc="1" uspid="618" ordinal="2" offset="15" sl="52" sc="3" el="52" ec="4" bec="0" bev="0" fileid="16" />
              </SequencePoints>
              <BranchPoints />
              <MethodPoint xsi:type="SequencePoint" vc="1" uspid="616" ordinal="0" offset="0" sl="50" sc="3" el="50" ec="4" bec="0" bev="0" fileid="16" />
            </Method>
            <Method visited="true" cyclomaticComplexity="1" nPathComplexity="0" sequenceCoverage="100" branchCoverage="100" crapScore="1" isConstructor="false" isStatic="false" isGetter="false" isSetter="false">
              <Summary numSequencePoints="3" visitedSequencePoints="3" numBranchPoints="1" visitedBranchPoints="1" sequenceCoverage="100" branchCoverage="100" maxCyclomaticComplexity="1" minCyclomaticComplexity="1" maxCrapScore="1" minCrapScore="1" visitedClasses="0" numClasses="0" visitedMethods="1" numMethods="1" />
              <MetadataToken>100663357</MetadataToken>
              <Name>System.Object AnimalLibrary.Mammal::Clone()</Name>
              <FileRef uid="16" />
              <SequencePoints>
                <SequencePoint vc="1" uspid="619" ordinal="0" offset="0" sl="54" sc="3" el="54" ec="4" bec="0" bev="0" fileid="16" />
                <SequencePoint vc="1" uspid="620" ordinal="1" offset="1" sl="55" sc="4" el="55" ec="73" bec="0" bev="0" fileid="16" />
                <SequencePoint vc="1" uspid="621" ordinal="2" offset="37" sl="56" sc="3" el="56" ec="4" bec="0" bev="0" fileid="16" />
              </SequencePoints>
              <BranchPoints />
              <MethodPoint xsi:type="SequencePoint" vc="1" uspid="619" ordinal="0" offset="0" sl="54" sc="3" el="54" ec="4" bec="0" bev="0" fileid="16" />
            </Method>
            <Method visited="true" cyclomaticComplexity="1" nPathComplexity="0" sequenceCoverage="100" branchCoverage="100" crapScore="1" isConstructor="false" isStatic="false" isGetter="false" isSetter="false">
              <Summary numSequencePoints="9" visitedSequencePoints="9" numBranchPoints="1" visitedBranchPoints="1" sequenceCoverage="100" branchCoverage="100" maxCyclomaticComplexity="1" minCyclomaticComplexity="1" maxCrapScore="1" minCrapScore="1" visitedClasses="0" numClasses="0" visitedMethods="1" numMethods="1" />
              <MetadataToken>100663358</MetadataToken>
              <Name>System.Void AnimalLibrary.Mammal::RandomInit()</Name>
              <FileRef uid="16" />
              <SequencePoints>
                <SequencePoint vc="1" uspid="622" ordinal="0" offset="0" sl="58" sc="3" el="58" ec="4" bec="0" bev="0" fileid="16" />
                <SequencePoint vc="1" uspid="623" ordinal="1" offset="1" sl="59" sc="4" el="59" ec="30" bec="0" bev="0" fileid="16" />
                <SequencePoint vc="1" uspid="624" ordinal="2" offset="7" sl="60" sc="4" el="60" ec="38" bec="0" bev="0" fileid="16" />
                <SequencePoint vc="1" uspid="625" ordinal="3" offset="22" sl="61" sc="4" el="61" ec="28" bec="0" bev="0" fileid="16" />
                <SequencePoint vc="1" uspid="626" ordinal="4" offset="32" sl="62" sc="4" el="62" ec="29" bec="0" bev="0" fileid="16" />
                <SequencePoint vc="1" uspid="627" ordinal="5" offset="42" sl="63" sc="4" el="63" ec="20" bec="0" bev="0" fileid="16" />
                <SequencePoint vc="1" uspid="628" ordinal="6" offset="56" sl="64" sc="4" el="64" ec="15" bec="0" bev="0" fileid="16" />
                <SequencePoint vc="1" uspid="629" ordinal="7" offset="65" sl="65" sc="4" el="65" ec="19" bec="0" bev="0" fileid="16" />
                <SequencePoint vc="1" uspid="630" ordinal="8" offset="74" sl="66" sc="3" el="66" ec="4" bec="0" bev="0" fileid="16" />
              </SequencePoints>
              <BranchPoints />
              <MethodPoint xsi:type="SequencePoint" vc="1" uspid="622" ordinal="0" offset="0" sl="58" sc="3" el="58" ec="4" bec="0" bev="0" fileid="16" />
            </Method>
          </Methods>
        </Class>
      </Classes>
    </Module>
  </Modules>
</CoverageSession>